18:51:06.870264 mprotect(0x7f5e98f82000, 331776, PROT_NONE) = 0 <0.000026>
 > /usr/lib/x86_64-linux-gnu/ld-2.30.so(_dl_catch_error+0x14db) [0x1dfbb]
 > /usr/lib/x86_64-linux-gnu/ld-2.30.so() [0x6d93]
 > /usr/lib/x86_64-linux-gnu/ld-2.30.so() [0xa00f]
 > /usr/lib/x86_64-linux-gnu/ld-2.30.so(_dl_rtld_di_serinfo+0x41b5) [0xeb45]
 > /usr/lib/x86_64-linux-gnu/ld-2.30.so(_dl_catch_exception+0x65) [0x1ca95]
 > /usr/lib/x86_64-linux-gnu/ld-2.30.so(_dl_rtld_di_serinfo+0x4603) [0xef93]
 > /usr/lib/x86_64-linux-gnu/ld-2.30.so() [0x3c65]
 > /usr/lib/x86_64-linux-gnu/ld-2.30.so(__get_cpu_features+0x1e7b) [0x1ba2b]
 > /usr/lib/x86_64-linux-gnu/ld-2.30.so() [0x203c]
 > /usr/lib/x86_64-linux-gnu/ld-2.30.so() [0x1108]
18:51:06.875505 mprotect(0x7f5e98dfd000, 61440, PROT_NONE) = 0 <0.000023>
 > /usr/lib/x86_64-linux-gnu/ld-2.30.so(_dl_catch_error+0x14db) [0x1dfbb]
 > /usr/lib/x86_64-linux-gnu/ld-2.30.so() [0x6d93]
 > /usr/lib/x86_64-linux-gnu/ld-2.30.so() [0xa00f]
 > /usr/lib/x86_64-linux-gnu/ld-2.30.so(_dl_rtld_di_serinfo+0x41b5) [0xeb45]
 > /usr/lib/x86_64-linux-gnu/ld-2.30.so(_dl_catch_exception+0x65) [0x1ca95]
 > /usr/lib/x86_64-linux-gnu/ld-2.30.so(_dl_rtld_di_serinfo+0x4603) [0xef93]
 > /usr/lib/x86_64-linux-gnu/ld-2.30.so() [0x3c65]
 > /usr/lib/x86_64-linux-gnu/ld-2.30.so(__get_cpu_features+0x1e7b) [0x1ba2b]
 > /usr/lib/x86_64-linux-gnu/ld-2.30.so() [0x203c]
 > /usr/lib/x86_64-linux-gnu/ld-2.30.so() [0x1108]
18:51:06.879820 mprotect(0x7f5e98ced000, 1085440, PROT_NONE) = 0 <0.000014>
 > /usr/lib/x86_64-linux-gnu/ld-2.30.so(_dl_catch_error+0x14db) [0x1dfbb]
 > /usr/lib/x86_64-linux-gnu/ld-2.30.so() [0x6d93]
 > /usr/lib/x86_64-linux-gnu/ld-2.30.so() [0xa00f]
 > /usr/lib/x86_64-linux-gnu/ld-2.30.so(_dl_rtld_di_serinfo+0x41b5) [0xeb45]
 > /usr/lib/x86_64-linux-gnu/ld-2.30.so(_dl_catch_exception+0x65) [0x1ca95]
 > /usr/lib/x86_64-linux-gnu/ld-2.30.so(_dl_rtld_di_serinfo+0x4603) [0xef93]
 > /usr/lib/x86_64-linux-gnu/ld-2.30.so() [0x3c65]
 > /usr/lib/x86_64-linux-gnu/ld-2.30.so(__get_cpu_features+0x1e7b) [0x1ba2b]
 > /usr/lib/x86_64-linux-gnu/ld-2.30.so() [0x203c]
 > /usr/lib/x86_64-linux-gnu/ld-2.30.so() [0x1108]
18:51:06.881901 mprotect(0x7f5e98cc6000, 28672, PROT_NONE) = 0 <0.000011>
 > /usr/lib/x86_64-linux-gnu/ld-2.30.so(_dl_catch_error+0x14db) [0x1dfbb]
 > /usr/lib/x86_64-linux-gnu/ld-2.30.so() [0x6d93]
 > /usr/lib/x86_64-linux-gnu/ld-2.30.so() [0xa00f]
 > /usr/lib/x86_64-linux-gnu/ld-2.30.so(_dl_rtld_di_serinfo+0x41b5) [0xeb45]
 > /usr/lib/x86_64-linux-gnu/ld-2.30.so(_dl_catch_exception+0x65) [0x1ca95]
 > /usr/lib/x86_64-linux-gnu/ld-2.30.so(_dl_rtld_di_serinfo+0x4603) [0xef93]
 > /usr/lib/x86_64-linux-gnu/ld-2.30.so() [0x3c65]
 > /usr/lib/x86_64-linux-gnu/ld-2.30.so(__get_cpu_features+0x1e7b) [0x1ba2b]
 > /usr/lib/x86_64-linux-gnu/ld-2.30.so() [0x203c]
 > /usr/lib/x86_64-linux-gnu/ld-2.30.so() [0x1108]
18:51:06.885627 mprotect(0x7f5e98a61000, 1675264, PROT_NONE) = 0 <0.000010>
 > /usr/lib/x86_64-linux-gnu/ld-2.30.so(_dl_catch_error+0x14db) [0x1dfbb]
 > /usr/lib/x86_64-linux-gnu/ld-2.30.so() [0x6d93]
 > /usr/lib/x86_64-linux-gnu/ld-2.30.so() [0xa00f]
 > /usr/lib/x86_64-linux-gnu/ld-2.30.so(_dl_rtld_di_serinfo+0x41b5) [0xeb45]
 > /usr/lib/x86_64-linux-gnu/ld-2.30.so(_dl_catch_exception+0x65) [0x1ca95]
 > /usr/lib/x86_64-linux-gnu/ld-2.30.so(_dl_rtld_di_serinfo+0x4603) [0xef93]
 > /usr/lib/x86_64-linux-gnu/ld-2.30.so() [0x3c65]
 > /usr/lib/x86_64-linux-gnu/ld-2.30.so(__get_cpu_features+0x1e7b) [0x1ba2b]
 > /usr/lib/x86_64-linux-gnu/ld-2.30.so() [0x203c]
 > /usr/lib/x86_64-linux-gnu/ld-2.30.so() [0x1108]
18:51:06.889363 mprotect(0x7f5e988cd000, 98304, PROT_NONE) = 0 <0.000013>
 > /usr/lib/x86_64-linux-gnu/ld-2.30.so(_dl_catch_error+0x14db) [0x1dfbb]
 > /usr/lib/x86_64-linux-gnu/ld-2.30.so() [0x6d93]
 > /usr/lib/x86_64-linux-gnu/ld-2.30.so() [0xa00f]
 > /usr/lib/x86_64-linux-gnu/ld-2.30.so(_dl_rtld_di_serinfo+0x41b5) [0xeb45]
 > /usr/lib/x86_64-linux-gnu/ld-2.30.so(_dl_catch_exception+0x65) [0x1ca95]
 > /usr/lib/x86_64-linux-gnu/ld-2.30.so(_dl_rtld_di_serinfo+0x4603) [0xef93]
 > /usr/lib/x86_64-linux-gnu/ld-2.30.so() [0x3c65]
 > /usr/lib/x86_64-linux-gnu/ld-2.30.so(__get_cpu_features+0x1e7b) [0x1ba2b]
 > /usr/lib/x86_64-linux-gnu/ld-2.30.so() [0x203c]
 > /usr/lib/x86_64-linux-gnu/ld-2.30.so() [0x1108]
18:51:06.892860 mprotect(0x7f5e9880e000, 32768, PROT_NONE) = 0 <0.000010>
 > /usr/lib/x86_64-linux-gnu/ld-2.30.so(_dl_catch_error+0x14db) [0x1dfbb]
 > /usr/lib/x86_64-linux-gnu/ld-2.30.so() [0x6d93]
 > /usr/lib/x86_64-linux-gnu/ld-2.30.so() [0xa00f]
 > /usr/lib/x86_64-linux-gnu/ld-2.30.so(_dl_rtld_di_serinfo+0x41b5) [0xeb45]
 > /usr/lib/x86_64-linux-gnu/ld-2.30.so(_dl_catch_exception+0x65) [0x1ca95]
 > /usr/lib/x86_64-linux-gnu/ld-2.30.so(_dl_rtld_di_serinfo+0x4603) [0xef93]
 > /usr/lib/x86_64-linux-gnu/ld-2.30.so() [0x3c65]
 > /usr/lib/x86_64-linux-gnu/ld-2.30.so(__get_cpu_features+0x1e7b) [0x1ba2b]
 > /usr/lib/x86_64-linux-gnu/ld-2.30.so() [0x203c]
 > /usr/lib/x86_64-linux-gnu/ld-2.30.so() [0x1108]
18:51:06.895932 mprotect(0x7f5e98752000, 520192, PROT_NONE) = 0 <0.000010>
 > /usr/lib/x86_64-linux-gnu/ld-2.30.so(_dl_catch_error+0x14db) [0x1dfbb]
 > /usr/lib/x86_64-linux-gnu/ld-2.30.so() [0x6d93]
 > /usr/lib/x86_64-linux-gnu/ld-2.30.so() [0xa00f]
 > /usr/lib/x86_64-linux-gnu/ld-2.30.so(_dl_rtld_di_serinfo+0x41b5) [0xeb45]
 > /usr/lib/x86_64-linux-gnu/ld-2.30.so(_dl_catch_exception+0x65) [0x1ca95]
 > /usr/lib/x86_64-linux-gnu/ld-2.30.so(_dl_rtld_di_serinfo+0x4603) [0xef93]
 > /usr/lib/x86_64-linux-gnu/ld-2.30.so() [0x3c65]
 > /usr/lib/x86_64-linux-gnu/ld-2.30.so(__get_cpu_features+0x1e7b) [0x1ba2b]
 > /usr/lib/x86_64-linux-gnu/ld-2.30.so() [0x203c]
 > /usr/lib/x86_64-linux-gnu/ld-2.30.so() [0x1108]
18:51:06.899652 mprotect(0x7f5e98500000, 20480, PROT_NONE) = 0 <0.000010>
 > /usr/lib/x86_64-linux-gnu/ld-2.30.so(_dl_catch_error+0x14db) [0x1dfbb]
 > /usr/lib/x86_64-linux-gnu/ld-2.30.so() [0x6d93]
 > /usr/lib/x86_64-linux-gnu/ld-2.30.so() [0xa00f]
 > /usr/lib/x86_64-linux-gnu/ld-2.30.so(_dl_rtld_di_serinfo+0x41b5) [0xeb45]
 > /usr/lib/x86_64-linux-gnu/ld-2.30.so(_dl_catch_exception+0x65) [0x1ca95]
 > /usr/lib/x86_64-linux-gnu/ld-2.30.so(_dl_rtld_di_serinfo+0x4603) [0xef93]
 > /usr/lib/x86_64-linux-gnu/ld-2.30.so() [0x3c65]
 > /usr/lib/x86_64-linux-gnu/ld-2.30.so(__get_cpu_features+0x1e7b) [0x1ba2b]
 > /usr/lib/x86_64-linux-gnu/ld-2.30.so() [0x203c]
 > /usr/lib/x86_64-linux-gnu/ld-2.30.so() [0x1108]
18:51:06.904325 mprotect(0x7f5e983b8000, 1130496, PROT_NONE) = 0 <0.000011>
 > /usr/lib/x86_64-linux-gnu/ld-2.30.so(_dl_catch_error+0x14db) [0x1dfbb]
 > /usr/lib/x86_64-linux-gnu/ld-2.30.so() [0x6d93]
 > /usr/lib/x86_64-linux-gnu/ld-2.30.so() [0xa00f]
 > /usr/lib/x86_64-linux-gnu/ld-2.30.so(_dl_rtld_di_serinfo+0x41b5) [0xeb45]
 > /usr/lib/x86_64-linux-gnu/ld-2.30.so(_dl_catch_exception+0x65) [0x1ca95]
 > /usr/lib/x86_64-linux-gnu/ld-2.30.so(_dl_rtld_di_serinfo+0x4603) [0xef93]
 > /usr/lib/x86_64-linux-gnu/ld-2.30.so() [0x3c65]
 > /usr/lib/x86_64-linux-gnu/ld-2.30.so(__get_cpu_features+0x1e7b) [0x1ba2b]
 > /usr/lib/x86_64-linux-gnu/ld-2.30.so() [0x203c]
 > /usr/lib/x86_64-linux-gnu/ld-2.30.so() [0x1108]
18:51:06.909630 mprotect(0x7f5e97f03000, 1179648, PROT_NONE) = 0 <0.000010>
 > /usr/lib/x86_64-linux-gnu/ld-2.30.so(_dl_catch_error+0x14db) [0x1dfbb]
 > /usr/lib/x86_64-linux-gnu/ld-2.30.so() [0x6d93]
 > /usr/lib/x86_64-linux-gnu/ld-2.30.so() [0xa00f]
 > /usr/lib/x86_64-linux-gnu/ld-2.30.so(_dl_rtld_di_serinfo+0x41b5) [0xeb45]
 > /usr/lib/x86_64-linux-gnu/ld-2.30.so(_dl_catch_exception+0x65) [0x1ca95]
 > /usr/lib/x86_64-linux-gnu/ld-2.30.so(_dl_rtld_di_serinfo+0x4603) [0xef93]
 > /usr/lib/x86_64-linux-gnu/ld-2.30.so() [0x3c65]
 > /usr/lib/x86_64-linux-gnu/ld-2.30.so(__get_cpu_features+0x1e7b) [0x1ba2b]
 > /usr/lib/x86_64-linux-gnu/ld-2.30.so() [0x203c]
 > /usr/lib/x86_64-linux-gnu/ld-2.30.so() [0x1108]
18:51:06.914935 mprotect(0x7f5e97cad000, 147456, PROT_NONE) = 0 <0.000012>
 > /usr/lib/x86_64-linux-gnu/ld-2.30.so(_dl_catch_error+0x14db) [0x1dfbb]
 > /usr/lib/x86_64-linux-gnu/ld-2.30.so() [0x6d93]
 > /usr/lib/x86_64-linux-gnu/ld-2.30.so() [0xa00f]
 > /usr/lib/x86_64-linux-gnu/ld-2.30.so(_dl_rtld_di_serinfo+0x41b5) [0xeb45]
 > /usr/lib/x86_64-linux-gnu/ld-2.30.so(_dl_catch_exception+0x65) [0x1ca95]
 > /usr/lib/x86_64-linux-gnu/ld-2.30.so(_dl_rtld_di_serinfo+0x4603) [0xef93]
 > /usr/lib/x86_64-linux-gnu/ld-2.30.so() [0x3c65]
 > /usr/lib/x86_64-linux-gnu/ld-2.30.so(__get_cpu_features+0x1e7b) [0x1ba2b]
 > /usr/lib/x86_64-linux-gnu/ld-2.30.so() [0x203c]
 > /usr/lib/x86_64-linux-gnu/ld-2.30.so() [0x1108]
18:51:06.918800 mprotect(0x7f5e97c4a000, 344064, PROT_NONE) = 0 <0.000010>
 > /usr/lib/x86_64-linux-gnu/ld-2.30.so(_dl_catch_error+0x14db) [0x1dfbb]
 > /usr/lib/x86_64-linux-gnu/ld-2.30.so() [0x6d93]
 > /usr/lib/x86_64-linux-gnu/ld-2.30.so() [0xa00f]
 > /usr/lib/x86_64-linux-gnu/ld-2.30.so(_dl_rtld_di_serinfo+0x41b5) [0xeb45]
 > /usr/lib/x86_64-linux-gnu/ld-2.30.so(_dl_catch_exception+0x65) [0x1ca95]
 > /usr/lib/x86_64-linux-gnu/ld-2.30.so(_dl_rtld_di_serinfo+0x4603) [0xef93]
 > /usr/lib/x86_64-linux-gnu/ld-2.30.so() [0x3c65]
 > /usr/lib/x86_64-linux-gnu/ld-2.30.so(__get_cpu_features+0x1e7b) [0x1ba2b]
 > /usr/lib/x86_64-linux-gnu/ld-2.30.so() [0x203c]
 > /usr/lib/x86_64-linux-gnu/ld-2.30.so() [0x1108]
18:51:06.923680 mprotect(0x7f5e97b29000, 135168, PROT_NONE) = 0 <0.000013>
 > /usr/lib/x86_64-linux-gnu/ld-2.30.so(_dl_catch_error+0x14db) [0x1dfbb]
 > /usr/lib/x86_64-linux-gnu/ld-2.30.so() [0x6d93]
 > /usr/lib/x86_64-linux-gnu/ld-2.30.so() [0xa00f]
 > /usr/lib/x86_64-linux-gnu/ld-2.30.so(_dl_rtld_di_serinfo+0x41b5) [0xeb45]
 > /usr/lib/x86_64-linux-gnu/ld-2.30.so(_dl_catch_exception+0x65) [0x1ca95]
 > /usr/lib/x86_64-linux-gnu/ld-2.30.so(_dl_rtld_di_serinfo+0x4603) [0xef93]
 > /usr/lib/x86_64-linux-gnu/ld-2.30.so() [0x3c65]
 > /usr/lib/x86_64-linux-gnu/ld-2.30.so(__get_cpu_features+0x1e7b) [0x1ba2b]
 > /usr/lib/x86_64-linux-gnu/ld-2.30.so() [0x203c]
 > /usr/lib/x86_64-linux-gnu/ld-2.30.so() [0x1108]
18:51:06.927896 mprotect(0x7f5e97b0c000, 77824, PROT_NONE) = 0 <0.000017>
 > /usr/lib/x86_64-linux-gnu/ld-2.30.so(_dl_catch_error+0x14db) [0x1dfbb]
 > /usr/lib/x86_64-linux-gnu/ld-2.30.so() [0x6d93]
 > /usr/lib/x86_64-linux-gnu/ld-2.30.so() [0xa00f]
 > /usr/lib/x86_64-linux-gnu/ld-2.30.so(_dl_rtld_di_serinfo+0x41b5) [0xeb45]
 > /usr/lib/x86_64-linux-gnu/ld-2.30.so(_dl_catch_exception+0x65) [0x1ca95]
 > /usr/lib/x86_64-linux-gnu/ld-2.30.so(_dl_rtld_di_serinfo+0x4603) [0xef93]
 > /usr/lib/x86_64-linux-gnu/ld-2.30.so() [0x3c65]
 > /usr/lib/x86_64-linux-gnu/ld-2.30.so(__get_cpu_features+0x1e7b) [0x1ba2b]
 > /usr/lib/x86_64-linux-gnu/ld-2.30.so() [0x203c]
 > /usr/lib/x86_64-linux-gnu/ld-2.30.so() [0x1108]
18:51:06.932167 mprotect(0x7f5e97af8000, 57344, PROT_NONE) = 0 <0.000011>
 > /usr/lib/x86_64-linux-gnu/ld-2.30.so(_dl_catch_error+0x14db) [0x1dfbb]
 > /usr/lib/x86_64-linux-gnu/ld-2.30.so() [0x6d93]
 > /usr/lib/x86_64-linux-gnu/ld-2.30.so() [0xa00f]
 > /usr/lib/x86_64-linux-gnu/ld-2.30.so(_dl_rtld_di_serinfo+0x41b5) [0xeb45]
 > /usr/lib/x86_64-linux-gnu/ld-2.30.so(_dl_catch_exception+0x65) [0x1ca95]
 > /usr/lib/x86_64-linux-gnu/ld-2.30.so(_dl_rtld_di_serinfo+0x4603) [0xef93]
 > /usr/lib/x86_64-linux-gnu/ld-2.30.so() [0x3c65]
 > /usr/lib/x86_64-linux-gnu/ld-2.30.so(__get_cpu_features+0x1e7b) [0x1ba2b]
 > /usr/lib/x86_64-linux-gnu/ld-2.30.so() [0x203c]
 > /usr/lib/x86_64-linux-gnu/ld-2.30.so() [0x1108]
18:51:06.936957 mprotect(0x7f5e97ae5000, 49152, PROT_NONE) = 0 <0.000012>
 > /usr/lib/x86_64-linux-gnu/ld-2.30.so(_dl_catch_error+0x14db) [0x1dfbb]
 > /usr/lib/x86_64-linux-gnu/ld-2.30.so() [0x6d93]
 > /usr/lib/x86_64-linux-gnu/ld-2.30.so() [0xa00f]
 > /usr/lib/x86_64-linux-gnu/ld-2.30.so(_dl_rtld_di_serinfo+0x41b5) [0xeb45]
 > /usr/lib/x86_64-linux-gnu/ld-2.30.so(_dl_catch_exception+0x65) [0x1ca95]
 > /usr/lib/x86_64-linux-gnu/ld-2.30.so(_dl_rtld_di_serinfo+0x4603) [0xef93]
 > /usr/lib/x86_64-linux-gnu/ld-2.30.so() [0x3c65]
 > /usr/lib/x86_64-linux-gnu/ld-2.30.so(__get_cpu_features+0x1e7b) [0x1ba2b]
 > /usr/lib/x86_64-linux-gnu/ld-2.30.so() [0x203c]
 > /usr/lib/x86_64-linux-gnu/ld-2.30.so() [0x1108]
18:51:06.941394 mprotect(0x7f5e97ab3000, 159744, PROT_NONE) = 0 <0.000011>
 > /usr/lib/x86_64-linux-gnu/ld-2.30.so(_dl_catch_error+0x14db) [0x1dfbb]
 > /usr/lib/x86_64-linux-gnu/ld-2.30.so() [0x6d93]
 > /usr/lib/x86_64-linux-gnu/ld-2.30.so() [0xa00f]
 > /usr/lib/x86_64-linux-gnu/ld-2.30.so(_dl_rtld_di_serinfo+0x41b5) [0xeb45]
 > /usr/lib/x86_64-linux-gnu/ld-2.30.so(_dl_catch_exception+0x65) [0x1ca95]
 > /usr/lib/x86_64-linux-gnu/ld-2.30.so(_dl_rtld_di_serinfo+0x4603) [0xef93]
 > /usr/lib/x86_64-linux-gnu/ld-2.30.so() [0x3c65]
 > /usr/lib/x86_64-linux-gnu/ld-2.30.so(__get_cpu_features+0x1e7b) [0x1ba2b]
 > /usr/lib/x86_64-linux-gnu/ld-2.30.so() [0x203c]
 > /usr/lib/x86_64-linux-gnu/ld-2.30.so() [0x1108]
18:51:06.945875 mprotect(0x7f5e979a5000, 1007616, PROT_NONE) = 0 <0.000012>
 > /usr/lib/x86_64-linux-gnu/ld-2.30.so(_dl_catch_error+0x14db) [0x1dfbb]
 > /usr/lib/x86_64-linux-gnu/ld-2.30.so() [0x6d93]
 > /usr/lib/x86_64-linux-gnu/ld-2.30.so() [0xa00f]
 > /usr/lib/x86_64-linux-gnu/ld-2.30.so(_dl_rtld_di_serinfo+0x41b5) [0xeb45]
 > /usr/lib/x86_64-linux-gnu/ld-2.30.so(_dl_catch_exception+0x65) [0x1ca95]
 > /usr/lib/x86_64-linux-gnu/ld-2.30.so(_dl_rtld_di_serinfo+0x4603) [0xef93]
 > /usr/lib/x86_64-linux-gnu/ld-2.30.so() [0x3c65]
 > /usr/lib/x86_64-linux-gnu/ld-2.30.so(__get_cpu_features+0x1e7b) [0x1ba2b]
 > /usr/lib/x86_64-linux-gnu/ld-2.30.so() [0x203c]
 > /usr/lib/x86_64-linux-gnu/ld-2.30.so() [0x1108]
18:51:06.950381 mprotect(0x7f5e9795b000, 118784, PROT_NONE) = 0 <0.000013>
 > /usr/lib/x86_64-linux-gnu/ld-2.30.so(_dl_catch_error+0x14db) [0x1dfbb]
 > /usr/lib/x86_64-linux-gnu/ld-2.30.so() [0x6d93]
 > /usr/lib/x86_64-linux-gnu/ld-2.30.so() [0xa00f]
 > /usr/lib/x86_64-linux-gnu/ld-2.30.so(_dl_rtld_di_serinfo+0x41b5) [0xeb45]
 > /usr/lib/x86_64-linux-gnu/ld-2.30.so(_dl_catch_exception+0x65) [0x1ca95]
 > /usr/lib/x86_64-linux-gnu/ld-2.30.so(_dl_rtld_di_serinfo+0x4603) [0xef93]
 > /usr/lib/x86_64-linux-gnu/ld-2.30.so() [0x3c65]
 > /usr/lib/x86_64-linux-gnu/ld-2.30.so(__get_cpu_features+0x1e7b) [0x1ba2b]
 > /usr/lib/x86_64-linux-gnu/ld-2.30.so() [0x203c]
 > /usr/lib/x86_64-linux-gnu/ld-2.30.so() [0x1108]
18:51:06.954924 mprotect(0x7f5e977e7000, 1499136, PROT_NONE) = 0 <0.000013>
 > /usr/lib/x86_64-linux-gnu/ld-2.30.so(_dl_catch_error+0x14db) [0x1dfbb]
 > /usr/lib/x86_64-linux-gnu/ld-2.30.so() [0x6d93]
 > /usr/lib/x86_64-linux-gnu/ld-2.30.so() [0xa00f]
 > /usr/lib/x86_64-linux-gnu/ld-2.30.so(_dl_rtld_di_serinfo+0x41b5) [0xeb45]
 > /usr/lib/x86_64-linux-gnu/ld-2.30.so(_dl_catch_exception+0x65) [0x1ca95]
 > /usr/lib/x86_64-linux-gnu/ld-2.30.so(_dl_rtld_di_serinfo+0x4603) [0xef93]
 > /usr/lib/x86_64-linux-gnu/ld-2.30.so() [0x3c65]
 > /usr/lib/x86_64-linux-gnu/ld-2.30.so(__get_cpu_features+0x1e7b) [0x1ba2b]
 > /usr/lib/x86_64-linux-gnu/ld-2.30.so() [0x203c]
 > /usr/lib/x86_64-linux-gnu/ld-2.30.so() [0x1108]
18:51:06.959540 mprotect(0x7f5e977c4000, 69632, PROT_NONE) = 0 <0.000011>
 > /usr/lib/x86_64-linux-gnu/ld-2.30.so(_dl_catch_error+0x14db) [0x1dfbb]
 > /usr/lib/x86_64-linux-gnu/ld-2.30.so() [0x6d93]
 > /usr/lib/x86_64-linux-gnu/ld-2.30.so() [0xa00f]
 > /usr/lib/x86_64-linux-gnu/ld-2.30.so(_dl_rtld_di_serinfo+0x41b5) [0xeb45]
 > /usr/lib/x86_64-linux-gnu/ld-2.30.so(_dl_catch_exception+0x65) [0x1ca95]
 > /usr/lib/x86_64-linux-gnu/ld-2.30.so(_dl_rtld_di_serinfo+0x4603) [0xef93]
 > /usr/lib/x86_64-linux-gnu/ld-2.30.so() [0x3c65]
 > /usr/lib/x86_64-linux-gnu/ld-2.30.so(__get_cpu_features+0x1e7b) [0x1ba2b]
 > /usr/lib/x86_64-linux-gnu/ld-2.30.so() [0x203c]
 > /usr/lib/x86_64-linux-gnu/ld-2.30.so() [0x1108]
18:51:06.964211 mprotect(0x7f5e9778e000, 192512, PROT_NONE) = 0 <0.000011>
 > /usr/lib/x86_64-linux-gnu/ld-2.30.so(_dl_catch_error+0x14db) [0x1dfbb]
 > /usr/lib/x86_64-linux-gnu/ld-2.30.so() [0x6d93]
 > /usr/lib/x86_64-linux-gnu/ld-2.30.so() [0xa00f]
 > /usr/lib/x86_64-linux-gnu/ld-2.30.so(_dl_rtld_di_serinfo+0x41b5) [0xeb45]
 > /usr/lib/x86_64-linux-gnu/ld-2.30.so(_dl_catch_exception+0x65) [0x1ca95]
 > /usr/lib/x86_64-linux-gnu/ld-2.30.so(_dl_rtld_di_serinfo+0x4603) [0xef93]
 > /usr/lib/x86_64-linux-gnu/ld-2.30.so() [0x3c65]
 > /usr/lib/x86_64-linux-gnu/ld-2.30.so(__get_cpu_features+0x1e7b) [0x1ba2b]
 > /usr/lib/x86_64-linux-gnu/ld-2.30.so() [0x203c]
 > /usr/lib/x86_64-linux-gnu/ld-2.30.so() [0x1108]
18:51:06.968974 mprotect(0x7f5e97710000, 479232, PROT_NONE) = 0 <0.000012>
 > /usr/lib/x86_64-linux-gnu/ld-2.30.so(_dl_catch_error+0x14db) [0x1dfbb]
 > /usr/lib/x86_64-linux-gnu/ld-2.30.so() [0x6d93]
 > /usr/lib/x86_64-linux-gnu/ld-2.30.so() [0xa00f]
 > /usr/lib/x86_64-linux-gnu/ld-2.30.so(_dl_rtld_di_serinfo+0x41b5) [0xeb45]
 > /usr/lib/x86_64-linux-gnu/ld-2.30.so(_dl_catch_exception+0x65) [0x1ca95]
 > /usr/lib/x86_64-linux-gnu/ld-2.30.so(_dl_rtld_di_serinfo+0x4603) [0xef93]
 > /usr/lib/x86_64-linux-gnu/ld-2.30.so() [0x3c65]
 > /usr/lib/x86_64-linux-gnu/ld-2.30.so(__get_cpu_features+0x1e7b) [0x1ba2b]
 > /usr/lib/x86_64-linux-gnu/ld-2.30.so() [0x203c]
 > /usr/lib/x86_64-linux-gnu/ld-2.30.so() [0x1108]
18:51:06.974981 mprotect(0x7f5e9754f000, 1114112, PROT_NONE) = 0 <0.000020>
 > /usr/lib/x86_64-linux-gnu/ld-2.30.so(_dl_catch_error+0x14db) [0x1dfbb]
 > /usr/lib/x86_64-linux-gnu/ld-2.30.so() [0x6d93]
 > /usr/lib/x86_64-linux-gnu/ld-2.30.so() [0xa00f]
 > /usr/lib/x86_64-linux-gnu/ld-2.30.so(_dl_rtld_di_serinfo+0x41b5) [0xeb45]
 > /usr/lib/x86_64-linux-gnu/ld-2.30.so(_dl_catch_exception+0x65) [0x1ca95]
 > /usr/lib/x86_64-linux-gnu/ld-2.30.so(_dl_rtld_di_serinfo+0x4603) [0xef93]
 > /usr/lib/x86_64-linux-gnu/ld-2.30.so() [0x3c65]
 > /usr/lib/x86_64-linux-gnu/ld-2.30.so(__get_cpu_features+0x1e7b) [0x1ba2b]
 > /usr/lib/x86_64-linux-gnu/ld-2.30.so() [0x203c]
 > /usr/lib/x86_64-linux-gnu/ld-2.30.so() [0x1108]
18:51:06.981429 mprotect(0x7f5e970dc000, 126976, PROT_NONE) = 0 <0.000011>
 > /usr/lib/x86_64-linux-gnu/ld-2.30.so(_dl_catch_error+0x14db) [0x1dfbb]
 > /usr/lib/x86_64-linux-gnu/ld-2.30.so() [0x6d93]
 > /usr/lib/x86_64-linux-gnu/ld-2.30.so() [0xa00f]
 > /usr/lib/x86_64-linux-gnu/ld-2.30.so(_dl_rtld_di_serinfo+0x41b5) [0xeb45]
 > /usr/lib/x86_64-linux-gnu/ld-2.30.so(_dl_catch_exception+0x65) [0x1ca95]
 > /usr/lib/x86_64-linux-gnu/ld-2.30.so(_dl_rtld_di_serinfo+0x4603) [0xef93]
 > /usr/lib/x86_64-linux-gnu/ld-2.30.so() [0x3c65]
 > /usr/lib/x86_64-linux-gnu/ld-2.30.so(__get_cpu_features+0x1e7b) [0x1ba2b]
 > /usr/lib/x86_64-linux-gnu/ld-2.30.so() [0x203c]
 > /usr/lib/x86_64-linux-gnu/ld-2.30.so() [0x1108]
18:51:06.987692 mprotect(0x7f5e9706b000, 290816, PROT_NONE) = 0 <0.000017>
 > /usr/lib/x86_64-linux-gnu/ld-2.30.so(_dl_catch_error+0x14db) [0x1dfbb]
 > /usr/lib/x86_64-linux-gnu/ld-2.30.so() [0x6d93]
 > /usr/lib/x86_64-linux-gnu/ld-2.30.so() [0xa00f]
 > /usr/lib/x86_64-linux-gnu/ld-2.30.so(_dl_rtld_di_serinfo+0x41b5) [0xeb45]
 > /usr/lib/x86_64-linux-gnu/ld-2.30.so(_dl_catch_exception+0x65) [0x1ca95]
 > /usr/lib/x86_64-linux-gnu/ld-2.30.so(_dl_rtld_di_serinfo+0x4603) [0xef93]
 > /usr/lib/x86_64-linux-gnu/ld-2.30.so() [0x3c65]
 > /usr/lib/x86_64-linux-gnu/ld-2.30.so(__get_cpu_features+0x1e7b) [0x1ba2b]
 > /usr/lib/x86_64-linux-gnu/ld-2.30.so() [0x203c]
 > /usr/lib/x86_64-linux-gnu/ld-2.30.so() [0x1108]
18:51:06.994875 mprotect(0x7f5e96f38000, 77824, PROT_NONE) = 0 <0.000077>
 > /usr/lib/x86_64-linux-gnu/ld-2.30.so(_dl_catch_error+0x14db) [0x1dfbb]
 > /usr/lib/x86_64-linux-gnu/ld-2.30.so() [0x6d93]
 > /usr/lib/x86_64-linux-gnu/ld-2.30.so() [0xa00f]
 > /usr/lib/x86_64-linux-gnu/ld-2.30.so(_dl_rtld_di_serinfo+0x41b5) [0xeb45]
 > /usr/lib/x86_64-linux-gnu/ld-2.30.so(_dl_catch_exception+0x65) [0x1ca95]
 > /usr/lib/x86_64-linux-gnu/ld-2.30.so(_dl_rtld_di_serinfo+0x4603) [0xef93]
 > /usr/lib/x86_64-linux-gnu/ld-2.30.so() [0x3c65]
 > /usr/lib/x86_64-linux-gnu/ld-2.30.so(__get_cpu_features+0x1e7b) [0x1ba2b]
 > /usr/lib/x86_64-linux-gnu/ld-2.30.so() [0x203c]
 > /usr/lib/x86_64-linux-gnu/ld-2.30.so() [0x1108]
18:51:07.001334 mprotect(0x7f5e9820f000, 12288, PROT_READ) = 0 <0.000019>
 > /usr/lib/x86_64-linux-gnu/ld-2.30.so(_dl_catch_error+0x14db) [0x1dfbb]
 > /usr/lib/x86_64-linux-gnu/ld-2.30.so(_dl_rtld_di_serinfo+0x3469) [0xddf9]
 > /usr/lib/x86_64-linux-gnu/ld-2.30.so() [0x46ca]
 > /usr/lib/x86_64-linux-gnu/ld-2.30.so(__get_cpu_features+0x1e7b) [0x1ba2b]
 > /usr/lib/x86_64-linux-gnu/ld-2.30.so() [0x203c]
 > /usr/lib/x86_64-linux-gnu/ld-2.30.so() [0x1108]
18:51:07.005155 mprotect(0x7f5e96f4b000, 4096, PROT_READ) = 0 <0.000055>
 > /usr/lib/x86_64-linux-gnu/ld-2.30.so(_dl_catch_error+0x14db) [0x1dfbb]
 > /usr/lib/x86_64-linux-gnu/ld-2.30.so(_dl_rtld_di_serinfo+0x3469) [0xddf9]
 > /usr/lib/x86_64-linux-gnu/ld-2.30.so() [0x46ca]
 > /usr/lib/x86_64-linux-gnu/ld-2.30.so(__get_cpu_features+0x1e7b) [0x1ba2b]
 > /usr/lib/x86_64-linux-gnu/ld-2.30.so() [0x203c]
 > /usr/lib/x86_64-linux-gnu/ld-2.30.so() [0x1108]
18:51:07.008909 mprotect(0x7f5e96f54000, 4096, PROT_READ) = 0 <0.000051>
 > /usr/lib/x86_64-linux-gnu/ld-2.30.so(_dl_catch_error+0x14db) [0x1dfbb]
 > /usr/lib/x86_64-linux-gnu/ld-2.30.so(_dl_rtld_di_serinfo+0x3469) [0xddf9]
 > /usr/lib/x86_64-linux-gnu/ld-2.30.so() [0x46ca]
 > /usr/lib/x86_64-linux-gnu/ld-2.30.so(__get_cpu_features+0x1e7b) [0x1ba2b]
 > /usr/lib/x86_64-linux-gnu/ld-2.30.so() [0x203c]
 > /usr/lib/x86_64-linux-gnu/ld-2.30.so() [0x1108]
18:51:07.012722 mprotect(0x7f5e96f5c000, 4096, PROT_READ) = 0 <0.000073>
 > /usr/lib/x86_64-linux-gnu/ld-2.30.so(_dl_catch_error+0x14db) [0x1dfbb]
 > /usr/lib/x86_64-linux-gnu/ld-2.30.so(_dl_rtld_di_serinfo+0x3469) [0xddf9]
 > /usr/lib/x86_64-linux-gnu/ld-2.30.so() [0x46ca]
 > /usr/lib/x86_64-linux-gnu/ld-2.30.so(__get_cpu_features+0x1e7b) [0x1ba2b]
 > /usr/lib/x86_64-linux-gnu/ld-2.30.so() [0x203c]
 > /usr/lib/x86_64-linux-gnu/ld-2.30.so() [0x1108]
18:51:07.016552 mprotect(0x7f5e98236000, 4096, PROT_READ) = 0 <0.000066>
 > /usr/lib/x86_64-linux-gnu/ld-2.30.so(_dl_catch_error+0x14db) [0x1dfbb]
 > /usr/lib/x86_64-linux-gnu/ld-2.30.so(_dl_rtld_di_serinfo+0x3469) [0xddf9]
 > /usr/lib/x86_64-linux-gnu/ld-2.30.so() [0x46ca]
 > /usr/lib/x86_64-linux-gnu/ld-2.30.so(__get_cpu_features+0x1e7b) [0x1ba2b]
 > /usr/lib/x86_64-linux-gnu/ld-2.30.so() [0x203c]
 > /usr/lib/x86_64-linux-gnu/ld-2.30.so() [0x1108]
18:51:07.020482 mprotect(0x7f5e97d45000, 4096, PROT_READ) = 0 <0.000077>
 > /usr/lib/x86_64-linux-gnu/ld-2.30.so(_dl_catch_error+0x14db) [0x1dfbb]
 > /usr/lib/x86_64-linux-gnu/ld-2.30.so(_dl_rtld_di_serinfo+0x3469) [0xddf9]
 > /usr/lib/x86_64-linux-gnu/ld-2.30.so() [0x46ca]
 > /usr/lib/x86_64-linux-gnu/ld-2.30.so(__get_cpu_features+0x1e7b) [0x1ba2b]
 > /usr/lib/x86_64-linux-gnu/ld-2.30.so() [0x203c]
 > /usr/lib/x86_64-linux-gnu/ld-2.30.so() [0x1108]
18:51:07.024630 mprotect(0x7f5e98df6000, 4096, PROT_READ) = 0 <0.000063>
 > /usr/lib/x86_64-linux-gnu/ld-2.30.so(_dl_catch_error+0x14db) [0x1dfbb]
 > /usr/lib/x86_64-linux-gnu/ld-2.30.so(_dl_rtld_di_serinfo+0x3469) [0xddf9]
 > /usr/lib/x86_64-linux-gnu/ld-2.30.so() [0x46ca]
 > /usr/lib/x86_64-linux-gnu/ld-2.30.so(__get_cpu_features+0x1e7b) [0x1ba2b]
 > /usr/lib/x86_64-linux-gnu/ld-2.30.so() [0x203c]
 > /usr/lib/x86_64-linux-gnu/ld-2.30.so() [0x1108]
18:51:07.028532 mprotect(0x7f5e970c0000, 4096, PROT_READ) = 0 <0.000065>
 > /usr/lib/x86_64-linux-gnu/ld-2.30.so(_dl_catch_error+0x14db) [0x1dfbb]
 > /usr/lib/x86_64-linux-gnu/ld-2.30.so(_dl_rtld_di_serinfo+0x3469) [0xddf9]
 > /usr/lib/x86_64-linux-gnu/ld-2.30.so() [0x46ca]
 > /usr/lib/x86_64-linux-gnu/ld-2.30.so(__get_cpu_features+0x1e7b) [0x1ba2b]
 > /usr/lib/x86_64-linux-gnu/ld-2.30.so() [0x203c]
 > /usr/lib/x86_64-linux-gnu/ld-2.30.so() [0x1108]
18:51:07.032539 mprotect(0x7f5e97c07000, 12288, PROT_READ) = 0 <0.000155>
 > /usr/lib/x86_64-linux-gnu/ld-2.30.so(_dl_catch_error+0x14db) [0x1dfbb]
 > /usr/lib/x86_64-linux-gnu/ld-2.30.so(_dl_rtld_di_serinfo+0x3469) [0xddf9]
 > /usr/lib/x86_64-linux-gnu/ld-2.30.so() [0x46ca]
 > /usr/lib/x86_64-linux-gnu/ld-2.30.so(__get_cpu_features+0x1e7b) [0x1ba2b]
 > /usr/lib/x86_64-linux-gnu/ld-2.30.so() [0x203c]
 > /usr/lib/x86_64-linux-gnu/ld-2.30.so() [0x1108]
18:51:07.036498 mprotect(0x7f5e97ee8000, 4096, PROT_READ) = 0 <0.000061>
 > /usr/lib/x86_64-linux-gnu/ld-2.30.so(_dl_catch_error+0x14db) [0x1dfbb]
 > /usr/lib/x86_64-linux-gnu/ld-2.30.so(_dl_rtld_di_serinfo+0x3469) [0xddf9]
 > /usr/lib/x86_64-linux-gnu/ld-2.30.so() [0x46ca]
 > /usr/lib/x86_64-linux-gnu/ld-2.30.so(__get_cpu_features+0x1e7b) [0x1ba2b]
 > /usr/lib/x86_64-linux-gnu/ld-2.30.so() [0x203c]
 > /usr/lib/x86_64-linux-gnu/ld-2.30.so() [0x1108]
18:51:07.040441 mprotect(0x7f5e983ab000, 4096, PROT_READ) = 0 <0.000064>
 > /usr/lib/x86_64-linux-gnu/ld-2.30.so(_dl_catch_error+0x14db) [0x1dfbb]
 > /usr/lib/x86_64-linux-gnu/ld-2.30.so(_dl_rtld_di_serinfo+0x3469) [0xddf9]
 > /usr/lib/x86_64-linux-gnu/ld-2.30.so() [0x46ca]
 > /usr/lib/x86_64-linux-gnu/ld-2.30.so(__get_cpu_features+0x1e7b) [0x1ba2b]
 > /usr/lib/x86_64-linux-gnu/ld-2.30.so() [0x203c]
 > /usr/lib/x86_64-linux-gnu/ld-2.30.so() [0x1108]
18:51:07.044414 mprotect(0x7f5e983a5000, 4096, PROT_READ) = 0 <0.000065>
 > /usr/lib/x86_64-linux-gnu/ld-2.30.so(_dl_catch_error+0x14db) [0x1dfbb]
 > /usr/lib/x86_64-linux-gnu/ld-2.30.so(_dl_rtld_di_serinfo+0x3469) [0xddf9]
 > /usr/lib/x86_64-linux-gnu/ld-2.30.so() [0x46ca]
 > /usr/lib/x86_64-linux-gnu/ld-2.30.so(__get_cpu_features+0x1e7b) [0x1ba2b]
 > /usr/lib/x86_64-linux-gnu/ld-2.30.so() [0x203c]
 > /usr/lib/x86_64-linux-gnu/ld-2.30.so() [0x1108]
18:51:07.048600 mprotect(0x7f5e9765f000, 24576, PROT_READ) = 0 <0.000079>
 > /usr/lib/x86_64-linux-gnu/ld-2.30.so(_dl_catch_error+0x14db) [0x1dfbb]
 > /usr/lib/x86_64-linux-gnu/ld-2.30.so(_dl_rtld_di_serinfo+0x3469) [0xddf9]
 > /usr/lib/x86_64-linux-gnu/ld-2.30.so() [0x46ca]
 > /usr/lib/x86_64-linux-gnu/ld-2.30.so(__get_cpu_features+0x1e7b) [0x1ba2b]
 > /usr/lib/x86_64-linux-gnu/ld-2.30.so() [0x203c]
 > /usr/lib/x86_64-linux-gnu/ld-2.30.so() [0x1108]
18:51:07.052577 mprotect(0x7f5e96fda000, 4096, PROT_READ) = 0 <0.000125>
 > /usr/lib/x86_64-linux-gnu/ld-2.30.so(_dl_catch_error+0x14db) [0x1dfbb]
 > /usr/lib/x86_64-linux-gnu/ld-2.30.so(_dl_rtld_di_serinfo+0x3469) [0xddf9]
 > /usr/lib/x86_64-linux-gnu/ld-2.30.so() [0x46ca]
 > /usr/lib/x86_64-linux-gnu/ld-2.30.so(__get_cpu_features+0x1e7b) [0x1ba2b]
 > /usr/lib/x86_64-linux-gnu/ld-2.30.so() [0x203c]
 > /usr/lib/x86_64-linux-gnu/ld-2.30.so() [0x1108]
18:51:07.056583 mprotect(0x7f5e9705f000, 4096, PROT_READ) = 0 <0.000068>
 > /usr/lib/x86_64-linux-gnu/ld-2.30.so(_dl_catch_error+0x14db) [0x1dfbb]
 > /usr/lib/x86_64-linux-gnu/ld-2.30.so(_dl_rtld_di_serinfo+0x3469) [0xddf9]
 > /usr/lib/x86_64-linux-gnu/ld-2.30.so() [0x46ca]
 > /usr/lib/x86_64-linux-gnu/ld-2.30.so(__get_cpu_features+0x1e7b) [0x1ba2b]
 > /usr/lib/x86_64-linux-gnu/ld-2.30.so() [0x203c]
 > /usr/lib/x86_64-linux-gnu/ld-2.30.so() [0x1108]
18:51:07.060842 mprotect(0x7f5e970b2000, 20480, PROT_READ) = 0 <0.000057>
 > /usr/lib/x86_64-linux-gnu/ld-2.30.so(_dl_catch_error+0x14db) [0x1dfbb]
 > /usr/lib/x86_64-linux-gnu/ld-2.30.so(_dl_rtld_di_serinfo+0x3469) [0xddf9]
 > /usr/lib/x86_64-linux-gnu/ld-2.30.so() [0x46ca]
 > /usr/lib/x86_64-linux-gnu/ld-2.30.so(__get_cpu_features+0x1e7b) [0x1ba2b]
 > /usr/lib/x86_64-linux-gnu/ld-2.30.so() [0x203c]
 > /usr/lib/x86_64-linux-gnu/ld-2.30.so() [0x1108]
18:51:07.064826 mprotect(0x7f5e97d91000, 4096, PROT_READ) = 0 <0.000052>
 > /usr/lib/x86_64-linux-gnu/ld-2.30.so(_dl_catch_error+0x14db) [0x1dfbb]
 > /usr/lib/x86_64-linux-gnu/ld-2.30.so(_dl_rtld_di_serinfo+0x3469) [0xddf9]
 > /usr/lib/x86_64-linux-gnu/ld-2.30.so() [0x46ca]
 > /usr/lib/x86_64-linux-gnu/ld-2.30.so(__get_cpu_features+0x1e7b) [0x1ba2b]
 > /usr/lib/x86_64-linux-gnu/ld-2.30.so() [0x203c]
 > /usr/lib/x86_64-linux-gnu/ld-2.30.so() [0x1108]
18:51:07.068767 mprotect(0x7f5e970c7000, 4096, PROT_READ) = 0 <0.000054>
 > /usr/lib/x86_64-linux-gnu/ld-2.30.so(_dl_catch_error+0x14db) [0x1dfbb]
 > /usr/lib/x86_64-linux-gnu/ld-2.30.so(_dl_rtld_di_serinfo+0x3469) [0xddf9]
 > /usr/lib/x86_64-linux-gnu/ld-2.30.so() [0x46ca]
 > /usr/lib/x86_64-linux-gnu/ld-2.30.so(__get_cpu_features+0x1e7b) [0x1ba2b]
 > /usr/lib/x86_64-linux-gnu/ld-2.30.so() [0x203c]
 > /usr/lib/x86_64-linux-gnu/ld-2.30.so() [0x1108]
18:51:07.072742 mprotect(0x7f5e970ce000, 4096, PROT_READ) = 0 <0.000067>
 > /usr/lib/x86_64-linux-gnu/ld-2.30.so(_dl_catch_error+0x14db) [0x1dfbb]
 > /usr/lib/x86_64-linux-gnu/ld-2.30.so(_dl_rtld_di_serinfo+0x3469) [0xddf9]
 > /usr/lib/x86_64-linux-gnu/ld-2.30.so() [0x46ca]
 > /usr/lib/x86_64-linux-gnu/ld-2.30.so(__get_cpu_features+0x1e7b) [0x1ba2b]
 > /usr/lib/x86_64-linux-gnu/ld-2.30.so() [0x203c]
 > /usr/lib/x86_64-linux-gnu/ld-2.30.so() [0x1108]
18:51:07.076857 mprotect(0x7f5e970fb000, 28672, PROT_READ) = 0 <0.000059>
 > /usr/lib/x86_64-linux-gnu/ld-2.30.so(_dl_catch_error+0x14db) [0x1dfbb]
 > /usr/lib/x86_64-linux-gnu/ld-2.30.so(_dl_rtld_di_serinfo+0x3469) [0xddf9]
 > /usr/lib/x86_64-linux-gnu/ld-2.30.so() [0x46ca]
 > /usr/lib/x86_64-linux-gnu/ld-2.30.so(__get_cpu_features+0x1e7b) [0x1ba2b]
 > /usr/lib/x86_64-linux-gnu/ld-2.30.so() [0x203c]
 > /usr/lib/x86_64-linux-gnu/ld-2.30.so() [0x1108]
18:51:07.080858 mprotect(0x7f5e9712a000, 4096, PROT_READ) = 0 <0.000059>
 > /usr/lib/x86_64-linux-gnu/ld-2.30.so(_dl_catch_error+0x14db) [0x1dfbb]
 > /usr/lib/x86_64-linux-gnu/ld-2.30.so(_dl_rtld_di_serinfo+0x3469) [0xddf9]
 > /usr/lib/x86_64-linux-gnu/ld-2.30.so() [0x46ca]
 > /usr/lib/x86_64-linux-gnu/ld-2.30.so(__get_cpu_features+0x1e7b) [0x1ba2b]
 > /usr/lib/x86_64-linux-gnu/ld-2.30.so() [0x203c]
 > /usr/lib/x86_64-linux-gnu/ld-2.30.so() [0x1108]
18:51:07.084891 mprotect(0x7f5e971a8000, 8192, PROT_READ) = 0 <0.000060>
 > /usr/lib/x86_64-linux-gnu/ld-2.30.so(_dl_catch_error+0x14db) [0x1dfbb]
 > /usr/lib/x86_64-linux-gnu/ld-2.30.so(_dl_rtld_di_serinfo+0x3469) [0xddf9]
 > /usr/lib/x86_64-linux-gnu/ld-2.30.so() [0x46ca]
 > /usr/lib/x86_64-linux-gnu/ld-2.30.so(__get_cpu_features+0x1e7b) [0x1ba2b]
 > /usr/lib/x86_64-linux-gnu/ld-2.30.so() [0x203c]
 > /usr/lib/x86_64-linux-gnu/ld-2.30.so() [0x1108]
18:51:07.088901 mprotect(0x7f5e971b9000, 4096, PROT_READ) = 0 <0.000058>
 > /usr/lib/x86_64-linux-gnu/ld-2.30.so(_dl_catch_error+0x14db) [0x1dfbb]
 > /usr/lib/x86_64-linux-gnu/ld-2.30.so(_dl_rtld_di_serinfo+0x3469) [0xddf9]
 > /usr/lib/x86_64-linux-gnu/ld-2.30.so() [0x46ca]
 > /usr/lib/x86_64-linux-gnu/ld-2.30.so(__get_cpu_features+0x1e7b) [0x1ba2b]
 > /usr/lib/x86_64-linux-gnu/ld-2.30.so() [0x203c]
 > /usr/lib/x86_64-linux-gnu/ld-2.30.so() [0x1108]
18:51:07.093978 mprotect(0x7f5e9745f000, 180224, PROT_READ) = 0 <0.000116>
 > /usr/lib/x86_64-linux-gnu/ld-2.30.so(_dl_catch_error+0x14db) [0x1dfbb]
 > /usr/lib/x86_64-linux-gnu/ld-2.30.so(_dl_rtld_di_serinfo+0x3469) [0xddf9]
 > /usr/lib/x86_64-linux-gnu/ld-2.30.so() [0x46ca]
 > /usr/lib/x86_64-linux-gnu/ld-2.30.so(__get_cpu_features+0x1e7b) [0x1ba2b]
 > /usr/lib/x86_64-linux-gnu/ld-2.30.so() [0x203c]
 > /usr/lib/x86_64-linux-gnu/ld-2.30.so() [0x1108]
18:51:07.099288 mprotect(0x7f5e97515000, 36864, PROT_READ) = 0 <0.000104>
 > /usr/lib/x86_64-linux-gnu/ld-2.30.so(_dl_catch_error+0x14db) [0x1dfbb]
 > /usr/lib/x86_64-linux-gnu/ld-2.30.so(_dl_rtld_di_serinfo+0x3469) [0xddf9]
 > /usr/lib/x86_64-linux-gnu/ld-2.30.so() [0x46ca]
 > /usr/lib/x86_64-linux-gnu/ld-2.30.so(__get_cpu_features+0x1e7b) [0x1ba2b]
 > /usr/lib/x86_64-linux-gnu/ld-2.30.so() [0x203c]
 > /usr/lib/x86_64-linux-gnu/ld-2.30.so() [0x1108]
18:51:07.103419 mprotect(0x7f5e97679000, 4096, PROT_READ) = 0 <0.000108>
 > /usr/lib/x86_64-linux-gnu/ld-2.30.so(_dl_catch_error+0x14db) [0x1dfbb]
 > /usr/lib/x86_64-linux-gnu/ld-2.30.so(_dl_rtld_di_serinfo+0x3469) [0xddf9]
 > /usr/lib/x86_64-linux-gnu/ld-2.30.so() [0x46ca]
 > /usr/lib/x86_64-linux-gnu/ld-2.30.so(__get_cpu_features+0x1e7b) [0x1ba2b]
 > /usr/lib/x86_64-linux-gnu/ld-2.30.so() [0x203c]
 > /usr/lib/x86_64-linux-gnu/ld-2.30.so() [0x1108]
18:51:07.107563 mprotect(0x7f5e97699000, 4096, PROT_READ) = 0 <0.000096>
 > /usr/lib/x86_64-linux-gnu/ld-2.30.so(_dl_catch_error+0x14db) [0x1dfbb]
 > /usr/lib/x86_64-linux-gnu/ld-2.30.so(_dl_rtld_di_serinfo+0x3469) [0xddf9]
 > /usr/lib/x86_64-linux-gnu/ld-2.30.so() [0x46ca]
 > /usr/lib/x86_64-linux-gnu/ld-2.30.so(__get_cpu_features+0x1e7b) [0x1ba2b]
 > /usr/lib/x86_64-linux-gnu/ld-2.30.so() [0x203c]
 > /usr/lib/x86_64-linux-gnu/ld-2.30.so() [0x1108]
18:51:07.111751 mprotect(0x7f5e976fa000, 4096, PROT_READ) = 0 <0.000076>
 > /usr/lib/x86_64-linux-gnu/ld-2.30.so(_dl_catch_error+0x14db) [0x1dfbb]
 > /usr/lib/x86_64-linux-gnu/ld-2.30.so(_dl_rtld_di_serinfo+0x3469) [0xddf9]
 > /usr/lib/x86_64-linux-gnu/ld-2.30.so() [0x46ca]
 > /usr/lib/x86_64-linux-gnu/ld-2.30.so(__get_cpu_features+0x1e7b) [0x1ba2b]
 > /usr/lib/x86_64-linux-gnu/ld-2.30.so() [0x203c]
 > /usr/lib/x86_64-linux-gnu/ld-2.30.so() [0x1108]
18:51:07.115826 mprotect(0x7f5e97704000, 4096, PROT_READ) = 0 <0.000064>
 > /usr/lib/x86_64-linux-gnu/ld-2.30.so(_dl_catch_error+0x14db) [0x1dfbb]
 > /usr/lib/x86_64-linux-gnu/ld-2.30.so(_dl_rtld_di_serinfo+0x3469) [0xddf9]
 > /usr/lib/x86_64-linux-gnu/ld-2.30.so() [0x46ca]
 > /usr/lib/x86_64-linux-gnu/ld-2.30.so(__get_cpu_features+0x1e7b) [0x1ba2b]
 > /usr/lib/x86_64-linux-gnu/ld-2.30.so() [0x203c]
 > /usr/lib/x86_64-linux-gnu/ld-2.30.so() [0x1108]
18:51:07.119891 mprotect(0x7f5e976ff000, 4096, PROT_READ) = 0 <0.000067>
 > /usr/lib/x86_64-linux-gnu/ld-2.30.so(_dl_catch_error+0x14db) [0x1dfbb]
 > /usr/lib/x86_64-linux-gnu/ld-2.30.so(_dl_rtld_di_serinfo+0x3469) [0xddf9]
 > /usr/lib/x86_64-linux-gnu/ld-2.30.so() [0x46ca]
 > /usr/lib/x86_64-linux-gnu/ld-2.30.so(__get_cpu_features+0x1e7b) [0x1ba2b]
 > /usr/lib/x86_64-linux-gnu/ld-2.30.so() [0x203c]
 > /usr/lib/x86_64-linux-gnu/ld-2.30.so() [0x1108]
18:51:07.124028 mprotect(0x7f5e97785000, 4096, PROT_READ) = 0 <0.000058>
 > /usr/lib/x86_64-linux-gnu/ld-2.30.so(_dl_catch_error+0x14db) [0x1dfbb]
 > /usr/lib/x86_64-linux-gnu/ld-2.30.so(_dl_rtld_di_serinfo+0x3469) [0xddf9]
 > /usr/lib/x86_64-linux-gnu/ld-2.30.so() [0x46ca]
 > /usr/lib/x86_64-linux-gnu/ld-2.30.so(__get_cpu_features+0x1e7b) [0x1ba2b]
 > /usr/lib/x86_64-linux-gnu/ld-2.30.so() [0x203c]
 > /usr/lib/x86_64-linux-gnu/ld-2.30.so() [0x1108]
18:51:07.128151 mprotect(0x7f5e9872e000, 8192, PROT_READ) = 0 <0.000061>
 > /usr/lib/x86_64-linux-gnu/ld-2.30.so(_dl_catch_error+0x14db) [0x1dfbb]
 > /usr/lib/x86_64-linux-gnu/ld-2.30.so(_dl_rtld_di_serinfo+0x3469) [0xddf9]
 > /usr/lib/x86_64-linux-gnu/ld-2.30.so() [0x46ca]
 > /usr/lib/x86_64-linux-gnu/ld-2.30.so(__get_cpu_features+0x1e7b) [0x1ba2b]
 > /usr/lib/x86_64-linux-gnu/ld-2.30.so() [0x203c]
 > /usr/lib/x86_64-linux-gnu/ld-2.30.so() [0x1108]
18:51:07.132249 mprotect(0x7f5e977bd000, 4096, PROT_READ) = 0 <0.000066>
 > /usr/lib/x86_64-linux-gnu/ld-2.30.so(_dl_catch_error+0x14db) [0x1dfbb]
 > /usr/lib/x86_64-linux-gnu/ld-2.30.so(_dl_rtld_di_serinfo+0x3469) [0xddf9]
 > /usr/lib/x86_64-linux-gnu/ld-2.30.so() [0x46ca]
 > /usr/lib/x86_64-linux-gnu/ld-2.30.so(__get_cpu_features+0x1e7b) [0x1ba2b]
 > /usr/lib/x86_64-linux-gnu/ld-2.30.so() [0x203c]
 > /usr/lib/x86_64-linux-gnu/ld-2.30.so() [0x1108]
18:51:07.136385 mprotect(0x7f5e977d5000, 4096, PROT_READ) = 0 <0.000058>
 > /usr/lib/x86_64-linux-gnu/ld-2.30.so(_dl_catch_error+0x14db) [0x1dfbb]
 > /usr/lib/x86_64-linux-gnu/ld-2.30.so(_dl_rtld_di_serinfo+0x3469) [0xddf9]
 > /usr/lib/x86_64-linux-gnu/ld-2.30.so() [0x46ca]
 > /usr/lib/x86_64-linux-gnu/ld-2.30.so(__get_cpu_features+0x1e7b) [0x1ba2b]
 > /usr/lib/x86_64-linux-gnu/ld-2.30.so() [0x203c]
 > /usr/lib/x86_64-linux-gnu/ld-2.30.so() [0x1108]
18:51:07.140832 mprotect(0x7f5e97955000, 12288, PROT_READ) = 0 <0.000057>
 > /usr/lib/x86_64-linux-gnu/ld-2.30.so(_dl_catch_error+0x14db) [0x1dfbb]
 > /usr/lib/x86_64-linux-gnu/ld-2.30.so(_dl_rtld_di_serinfo+0x3469) [0xddf9]
 > /usr/lib/x86_64-linux-gnu/ld-2.30.so() [0x46ca]
 > /usr/lib/x86_64-linux-gnu/ld-2.30.so(__get_cpu_features+0x1e7b) [0x1ba2b]
 > /usr/lib/x86_64-linux-gnu/ld-2.30.so() [0x203c]
 > /usr/lib/x86_64-linux-gnu/ld-2.30.so() [0x1108]
18:51:07.144986 mprotect(0x7f5e97978000, 4096, PROT_READ) = 0 <0.000054>
 > /usr/lib/x86_64-linux-gnu/ld-2.30.so(_dl_catch_error+0x14db) [0x1dfbb]
 > /usr/lib/x86_64-linux-gnu/ld-2.30.so(_dl_rtld_di_serinfo+0x3469) [0xddf9]
 > /usr/lib/x86_64-linux-gnu/ld-2.30.so() [0x46ca]
 > /usr/lib/x86_64-linux-gnu/ld-2.30.so(__get_cpu_features+0x1e7b) [0x1ba2b]
 > /usr/lib/x86_64-linux-gnu/ld-2.30.so() [0x203c]
 > /usr/lib/x86_64-linux-gnu/ld-2.30.so() [0x1108]
18:51:07.149412 mprotect(0x7f5e97a9b000, 40960, PROT_READ) = 0 <0.000130>
 > /usr/lib/x86_64-linux-gnu/ld-2.30.so(_dl_catch_error+0x14db) [0x1dfbb]
 > /usr/lib/x86_64-linux-gnu/ld-2.30.so(_dl_rtld_di_serinfo+0x3469) [0xddf9]
 > /usr/lib/x86_64-linux-gnu/ld-2.30.so() [0x46ca]
 > /usr/lib/x86_64-linux-gnu/ld-2.30.so(__get_cpu_features+0x1e7b) [0x1ba2b]
 > /usr/lib/x86_64-linux-gnu/ld-2.30.so() [0x203c]
 > /usr/lib/x86_64-linux-gnu/ld-2.30.so() [0x1108]
18:51:07.153565 mprotect(0x7f5e97ada000, 8192, PROT_READ) = 0 <0.000059>
 > /usr/lib/x86_64-linux-gnu/ld-2.30.so(_dl_catch_error+0x14db) [0x1dfbb]
 > /usr/lib/x86_64-linux-gnu/ld-2.30.so(_dl_rtld_di_serinfo+0x3469) [0xddf9]
 > /usr/lib/x86_64-linux-gnu/ld-2.30.so() [0x46ca]
 > /usr/lib/x86_64-linux-gnu/ld-2.30.so(__get_cpu_features+0x1e7b) [0x1ba2b]
 > /usr/lib/x86_64-linux-gnu/ld-2.30.so() [0x203c]
 > /usr/lib/x86_64-linux-gnu/ld-2.30.so() [0x1108]
18:51:07.157726 mprotect(0x7f5e97af1000, 8192, PROT_READ) = 0 <0.000054>
 > /usr/lib/x86_64-linux-gnu/ld-2.30.so(_dl_catch_error+0x14db) [0x1dfbb]
 > /usr/lib/x86_64-linux-gnu/ld-2.30.so(_dl_rtld_di_serinfo+0x3469) [0xddf9]
 > /usr/lib/x86_64-linux-gnu/ld-2.30.so() [0x46ca]
 > /usr/lib/x86_64-linux-gnu/ld-2.30.so(__get_cpu_features+0x1e7b) [0x1ba2b]
 > /usr/lib/x86_64-linux-gnu/ld-2.30.so() [0x203c]
 > /usr/lib/x86_64-linux-gnu/ld-2.30.so() [0x1108]
18:51:07.161827 mprotect(0x7f5e97b06000, 4096, PROT_READ) = 0 <0.000065>
 > /usr/lib/x86_64-linux-gnu/ld-2.30.so(_dl_catch_error+0x14db) [0x1dfbb]
 > /usr/lib/x86_64-linux-gnu/ld-2.30.so(_dl_rtld_di_serinfo+0x3469) [0xddf9]
 > /usr/lib/x86_64-linux-gnu/ld-2.30.so() [0x46ca]
 > /usr/lib/x86_64-linux-gnu/ld-2.30.so(__get_cpu_features+0x1e7b) [0x1ba2b]
 > /usr/lib/x86_64-linux-gnu/ld-2.30.so() [0x203c]
 > /usr/lib/x86_64-linux-gnu/ld-2.30.so() [0x1108]
18:51:07.165978 mprotect(0x7f5e97b1f000, 4096, PROT_READ) = 0 <0.000098>
 > /usr/lib/x86_64-linux-gnu/ld-2.30.so(_dl_catch_error+0x14db) [0x1dfbb]
 > /usr/lib/x86_64-linux-gnu/ld-2.30.so(_dl_rtld_di_serinfo+0x3469) [0xddf9]
 > /usr/lib/x86_64-linux-gnu/ld-2.30.so() [0x46ca]
 > /usr/lib/x86_64-linux-gnu/ld-2.30.so(__get_cpu_features+0x1e7b) [0x1ba2b]
 > /usr/lib/x86_64-linux-gnu/ld-2.30.so() [0x203c]
 > /usr/lib/x86_64-linux-gnu/ld-2.30.so() [0x1108]
18:51:07.170164 mprotect(0x7f5e97b4a000, 4096, PROT_READ) = 0 <0.000055>
 > /usr/lib/x86_64-linux-gnu/ld-2.30.so(_dl_catch_error+0x14db) [0x1dfbb]
 > /usr/lib/x86_64-linux-gnu/ld-2.30.so(_dl_rtld_di_serinfo+0x3469) [0xddf9]
 > /usr/lib/x86_64-linux-gnu/ld-2.30.so() [0x46ca]
 > /usr/lib/x86_64-linux-gnu/ld-2.30.so(__get_cpu_features+0x1e7b) [0x1ba2b]
 > /usr/lib/x86_64-linux-gnu/ld-2.30.so() [0x203c]
 > /usr/lib/x86_64-linux-gnu/ld-2.30.so() [0x1108]
18:51:07.174658 mprotect(0x7f5e97baa000, 12288, PROT_READ) = 0 <0.000059>
 > /usr/lib/x86_64-linux-gnu/ld-2.30.so(_dl_catch_error+0x14db) [0x1dfbb]
 > /usr/lib/x86_64-linux-gnu/ld-2.30.so(_dl_rtld_di_serinfo+0x3469) [0xddf9]
 > /usr/lib/x86_64-linux-gnu/ld-2.30.so() [0x46ca]
 > /usr/lib/x86_64-linux-gnu/ld-2.30.so(__get_cpu_features+0x1e7b) [0x1ba2b]
 > /usr/lib/x86_64-linux-gnu/ld-2.30.so() [0x203c]
 > /usr/lib/x86_64-linux-gnu/ld-2.30.so() [0x1108]
18:51:07.178838 mprotect(0x7f5e97c2d000, 8192, PROT_READ) = 0 <0.000058>
 > /usr/lib/x86_64-linux-gnu/ld-2.30.so(_dl_catch_error+0x14db) [0x1dfbb]
 > /usr/lib/x86_64-linux-gnu/ld-2.30.so(_dl_rtld_di_serinfo+0x3469) [0xddf9]
 > /usr/lib/x86_64-linux-gnu/ld-2.30.so() [0x46ca]
 > /usr/lib/x86_64-linux-gnu/ld-2.30.so(__get_cpu_features+0x1e7b) [0x1ba2b]
 > /usr/lib/x86_64-linux-gnu/ld-2.30.so() [0x203c]
 > /usr/lib/x86_64-linux-gnu/ld-2.30.so() [0x1108]
18:51:07.182985 mprotect(0x7f5e97c9e000, 12288, PROT_READ) = 0 <0.000058>
 > /usr/lib/x86_64-linux-gnu/ld-2.30.so(_dl_catch_error+0x14db) [0x1dfbb]
 > /usr/lib/x86_64-linux-gnu/ld-2.30.so(_dl_rtld_di_serinfo+0x3469) [0xddf9]
 > /usr/lib/x86_64-linux-gnu/ld-2.30.so() [0x46ca]
 > /usr/lib/x86_64-linux-gnu/ld-2.30.so(__get_cpu_features+0x1e7b) [0x1ba2b]
 > /usr/lib/x86_64-linux-gnu/ld-2.30.so() [0x203c]
 > /usr/lib/x86_64-linux-gnu/ld-2.30.so() [0x1108]
18:51:07.187298 mprotect(0x7f5e97cd1000, 4096, PROT_READ) = 0 <0.000047>
 > /usr/lib/x86_64-linux-gnu/ld-2.30.so(_dl_catch_error+0x14db) [0x1dfbb]
 > /usr/lib/x86_64-linux-gnu/ld-2.30.so(_dl_rtld_di_serinfo+0x3469) [0xddf9]
 > /usr/lib/x86_64-linux-gnu/ld-2.30.so() [0x46ca]
 > /usr/lib/x86_64-linux-gnu/ld-2.30.so(__get_cpu_features+0x1e7b) [0x1ba2b]
 > /usr/lib/x86_64-linux-gnu/ld-2.30.so() [0x203c]
 > /usr/lib/x86_64-linux-gnu/ld-2.30.so() [0x1108]
18:51:07.191528 mprotect(0x7f5e97d52000, 4096, PROT_READ) = 0 <0.000060>
 > /usr/lib/x86_64-linux-gnu/ld-2.30.so(_dl_catch_error+0x14db) [0x1dfbb]
 > /usr/lib/x86_64-linux-gnu/ld-2.30.so(_dl_rtld_di_serinfo+0x3469) [0xddf9]
 > /usr/lib/x86_64-linux-gnu/ld-2.30.so() [0x46ca]
 > /usr/lib/x86_64-linux-gnu/ld-2.30.so(__get_cpu_features+0x1e7b) [0x1ba2b]
 > /usr/lib/x86_64-linux-gnu/ld-2.30.so() [0x203c]
 > /usr/lib/x86_64-linux-gnu/ld-2.30.so() [0x1108]
18:51:07.195919 mprotect(0x7f5e97edb000, 24576, PROT_READ) = 0 <0.000059>
 > /usr/lib/x86_64-linux-gnu/ld-2.30.so(_dl_catch_error+0x14db) [0x1dfbb]
 > /usr/lib/x86_64-linux-gnu/ld-2.30.so(_dl_rtld_di_serinfo+0x3469) [0xddf9]
 > /usr/lib/x86_64-linux-gnu/ld-2.30.so() [0x46ca]
 > /usr/lib/x86_64-linux-gnu/ld-2.30.so(__get_cpu_features+0x1e7b) [0x1ba2b]
 > /usr/lib/x86_64-linux-gnu/ld-2.30.so() [0x203c]
 > /usr/lib/x86_64-linux-gnu/ld-2.30.so() [0x1108]
18:51:07.200223 mprotect(0x7f5e98023000, 4096, PROT_READ) = 0 <0.000058>
 > /usr/lib/x86_64-linux-gnu/ld-2.30.so(_dl_catch_error+0x14db) [0x1dfbb]
 > /usr/lib/x86_64-linux-gnu/ld-2.30.so(_dl_rtld_di_serinfo+0x3469) [0xddf9]
 > /usr/lib/x86_64-linux-gnu/ld-2.30.so() [0x46ca]
 > /usr/lib/x86_64-linux-gnu/ld-2.30.so(__get_cpu_features+0x1e7b) [0x1ba2b]
 > /usr/lib/x86_64-linux-gnu/ld-2.30.so() [0x203c]
 > /usr/lib/x86_64-linux-gnu/ld-2.30.so() [0x1108]
18:51:07.204424 mprotect(0x7f5e98256000, 4096, PROT_READ) = 0 <0.000060>
 > /usr/lib/x86_64-linux-gnu/ld-2.30.so(_dl_catch_error+0x14db) [0x1dfbb]
 > /usr/lib/x86_64-linux-gnu/ld-2.30.so(_dl_rtld_di_serinfo+0x3469) [0xddf9]
 > /usr/lib/x86_64-linux-gnu/ld-2.30.so() [0x46ca]
 > /usr/lib/x86_64-linux-gnu/ld-2.30.so(__get_cpu_features+0x1e7b) [0x1ba2b]
 > /usr/lib/x86_64-linux-gnu/ld-2.30.so() [0x203c]
 > /usr/lib/x86_64-linux-gnu/ld-2.30.so() [0x1108]
18:51:07.208626 mprotect(0x7f5e988e5000, 4096, PROT_READ) = 0 <0.000066>
 > /usr/lib/x86_64-linux-gnu/ld-2.30.so(_dl_catch_error+0x14db) [0x1dfbb]
 > /usr/lib/x86_64-linux-gnu/ld-2.30.so(_dl_rtld_di_serinfo+0x3469) [0xddf9]
 > /usr/lib/x86_64-linux-gnu/ld-2.30.so() [0x46ca]
 > /usr/lib/x86_64-linux-gnu/ld-2.30.so(__get_cpu_features+0x1e7b) [0x1ba2b]
 > /usr/lib/x86_64-linux-gnu/ld-2.30.so() [0x203c]
 > /usr/lib/x86_64-linux-gnu/ld-2.30.so() [0x1108]
18:51:07.213849 mprotect(0x7f5e98bfa000, 32768, PROT_READ) = 0 <0.000128>
 > /usr/lib/x86_64-linux-gnu/ld-2.30.so(_dl_catch_error+0x14db) [0x1dfbb]
 > /usr/lib/x86_64-linux-gnu/ld-2.30.so(_dl_rtld_di_serinfo+0x3469) [0xddf9]
 > /usr/lib/x86_64-linux-gnu/ld-2.30.so() [0x46ca]
 > /usr/lib/x86_64-linux-gnu/ld-2.30.so(__get_cpu_features+0x1e7b) [0x1ba2b]
 > /usr/lib/x86_64-linux-gnu/ld-2.30.so() [0x203c]
 > /usr/lib/x86_64-linux-gnu/ld-2.30.so() [0x1108]
18:51:07.218173 mprotect(0x7f5e988bd000, 32768, PROT_READ) = 0 <0.000062>
 > /usr/lib/x86_64-linux-gnu/ld-2.30.so(_dl_catch_error+0x14db) [0x1dfbb]
 > /usr/lib/x86_64-linux-gnu/ld-2.30.so(_dl_rtld_di_serinfo+0x3469) [0xddf9]
 > /usr/lib/x86_64-linux-gnu/ld-2.30.so() [0x46ca]
 > /usr/lib/x86_64-linux-gnu/ld-2.30.so(__get_cpu_features+0x1e7b) [0x1ba2b]
 > /usr/lib/x86_64-linux-gnu/ld-2.30.so() [0x203c]
 > /usr/lib/x86_64-linux-gnu/ld-2.30.so() [0x1108]
18:51:07.222425 mprotect(0x7f5e987d1000, 4096, PROT_READ) = 0 <0.000060>
 > /usr/lib/x86_64-linux-gnu/ld-2.30.so(_dl_catch_error+0x14db) [0x1dfbb]
 > /usr/lib/x86_64-linux-gnu/ld-2.30.so(_dl_rtld_di_serinfo+0x3469) [0xddf9]
 > /usr/lib/x86_64-linux-gnu/ld-2.30.so() [0x46ca]
 > /usr/lib/x86_64-linux-gnu/ld-2.30.so(__get_cpu_features+0x1e7b) [0x1ba2b]
 > /usr/lib/x86_64-linux-gnu/ld-2.30.so() [0x203c]
 > /usr/lib/x86_64-linux-gnu/ld-2.30.so() [0x1108]
18:51:07.226762 mprotect(0x7f5e9874c000, 4096, PROT_READ) = 0 <0.000045>
 > /usr/lib/x86_64-linux-gnu/ld-2.30.so(_dl_catch_error+0x14db) [0x1dfbb]
 > /usr/lib/x86_64-linux-gnu/ld-2.30.so(_dl_rtld_di_serinfo+0x3469) [0xddf9]
 > /usr/lib/x86_64-linux-gnu/ld-2.30.so() [0x46ca]
 > /usr/lib/x86_64-linux-gnu/ld-2.30.so(__get_cpu_features+0x1e7b) [0x1ba2b]
 > /usr/lib/x86_64-linux-gnu/ld-2.30.so() [0x203c]
 > /usr/lib/x86_64-linux-gnu/ld-2.30.so() [0x1108]
18:51:07.231710 mprotect(0x7f5e984cc000, 8192, PROT_READ) = 0 <0.000073>
 > /usr/lib/x86_64-linux-gnu/ld-2.30.so(_dl_catch_error+0x14db) [0x1dfbb]
 > /usr/lib/x86_64-linux-gnu/ld-2.30.so(_dl_rtld_di_serinfo+0x3469) [0xddf9]
 > /usr/lib/x86_64-linux-gnu/ld-2.30.so() [0x46ca]
 > /usr/lib/x86_64-linux-gnu/ld-2.30.so(__get_cpu_features+0x1e7b) [0x1ba2b]
 > /usr/lib/x86_64-linux-gnu/ld-2.30.so() [0x203c]
 > /usr/lib/x86_64-linux-gnu/ld-2.30.so() [0x1108]
18:51:07.236052 mprotect(0x7f5e984e5000, 4096, PROT_READ) = 0 <0.000094>
 > /usr/lib/x86_64-linux-gnu/ld-2.30.so(_dl_catch_error+0x14db) [0x1dfbb]
 > /usr/lib/x86_64-linux-gnu/ld-2.30.so(_dl_rtld_di_serinfo+0x3469) [0xddf9]
 > /usr/lib/x86_64-linux-gnu/ld-2.30.so() [0x46ca]
 > /usr/lib/x86_64-linux-gnu/ld-2.30.so(__get_cpu_features+0x1e7b) [0x1ba2b]
 > /usr/lib/x86_64-linux-gnu/ld-2.30.so() [0x203c]
 > /usr/lib/x86_64-linux-gnu/ld-2.30.so() [0x1108]
18:51:07.240339 mprotect(0x7f5e984eb000, 4096, PROT_READ) = 0 <0.000062>
 > /usr/lib/x86_64-linux-gnu/ld-2.30.so(_dl_catch_error+0x14db) [0x1dfbb]
 > /usr/lib/x86_64-linux-gnu/ld-2.30.so(_dl_rtld_di_serinfo+0x3469) [0xddf9]
 > /usr/lib/x86_64-linux-gnu/ld-2.30.so() [0x46ca]
 > /usr/lib/x86_64-linux-gnu/ld-2.30.so(__get_cpu_features+0x1e7b) [0x1ba2b]
 > /usr/lib/x86_64-linux-gnu/ld-2.30.so() [0x203c]
 > /usr/lib/x86_64-linux-gnu/ld-2.30.so() [0x1108]
18:51:07.244617 mprotect(0x7f5e984f2000, 4096, PROT_READ) = 0 <0.000068>
 > /usr/lib/x86_64-linux-gnu/ld-2.30.so(_dl_catch_error+0x14db) [0x1dfbb]
 > /usr/lib/x86_64-linux-gnu/ld-2.30.so(_dl_rtld_di_serinfo+0x3469) [0xddf9]
 > /usr/lib/x86_64-linux-gnu/ld-2.30.so() [0x46ca]
 > /usr/lib/x86_64-linux-gnu/ld-2.30.so(__get_cpu_features+0x1e7b) [0x1ba2b]
 > /usr/lib/x86_64-linux-gnu/ld-2.30.so() [0x203c]
 > /usr/lib/x86_64-linux-gnu/ld-2.30.so() [0x1108]
18:51:07.248872 mprotect(0x7f5e984f7000, 4096, PROT_READ) = 0 <0.000058>
 > /usr/lib/x86_64-linux-gnu/ld-2.30.so(_dl_catch_error+0x14db) [0x1dfbb]
 > /usr/lib/x86_64-linux-gnu/ld-2.30.so(_dl_rtld_di_serinfo+0x3469) [0xddf9]
 > /usr/lib/x86_64-linux-gnu/ld-2.30.so() [0x46ca]
 > /usr/lib/x86_64-linux-gnu/ld-2.30.so(__get_cpu_features+0x1e7b) [0x1ba2b]
 > /usr/lib/x86_64-linux-gnu/ld-2.30.so() [0x203c]
 > /usr/lib/x86_64-linux-gnu/ld-2.30.so() [0x1108]
18:51:07.253161 mprotect(0x7f5e984fc000, 4096, PROT_READ) = 0 <0.000063>
 > /usr/lib/x86_64-linux-gnu/ld-2.30.so(_dl_catch_error+0x14db) [0x1dfbb]
 > /usr/lib/x86_64-linux-gnu/ld-2.30.so(_dl_rtld_di_serinfo+0x3469) [0xddf9]
 > /usr/lib/x86_64-linux-gnu/ld-2.30.so() [0x46ca]
 > /usr/lib/x86_64-linux-gnu/ld-2.30.so(__get_cpu_features+0x1e7b) [0x1ba2b]
 > /usr/lib/x86_64-linux-gnu/ld-2.30.so() [0x203c]
 > /usr/lib/x86_64-linux-gnu/ld-2.30.so() [0x1108]
18:51:07.257456 mprotect(0x7f5e98505000, 4096, PROT_READ) = 0 <0.000035>
 > /usr/lib/x86_64-linux-gnu/ld-2.30.so(_dl_catch_error+0x14db) [0x1dfbb]
 > /usr/lib/x86_64-linux-gnu/ld-2.30.so(_dl_rtld_di_serinfo+0x3469) [0xddf9]
 > /usr/lib/x86_64-linux-gnu/ld-2.30.so() [0x46ca]
 > /usr/lib/x86_64-linux-gnu/ld-2.30.so(__get_cpu_features+0x1e7b) [0x1ba2b]
 > /usr/lib/x86_64-linux-gnu/ld-2.30.so() [0x203c]
 > /usr/lib/x86_64-linux-gnu/ld-2.30.so() [0x1108]
18:51:07.261702 mprotect(0x7f5e98536000, 4096, PROT_READ) = 0 <0.000067>
 > /usr/lib/x86_64-linux-gnu/ld-2.30.so(_dl_catch_error+0x14db) [0x1dfbb]
 > /usr/lib/x86_64-linux-gnu/ld-2.30.so(_dl_rtld_di_serinfo+0x3469) [0xddf9]
 > /usr/lib/x86_64-linux-gnu/ld-2.30.so() [0x46ca]
 > /usr/lib/x86_64-linux-gnu/ld-2.30.so(__get_cpu_features+0x1e7b) [0x1ba2b]
 > /usr/lib/x86_64-linux-gnu/ld-2.30.so() [0x203c]
 > /usr/lib/x86_64-linux-gnu/ld-2.30.so() [0x1108]
18:51:07.266751 mprotect(0x7f5e986e5000, 57344, PROT_READ) = 0 <0.000030>
 > /usr/lib/x86_64-linux-gnu/ld-2.30.so(_dl_catch_error+0x14db) [0x1dfbb]
 > /usr/lib/x86_64-linux-gnu/ld-2.30.so(_dl_rtld_di_serinfo+0x3469) [0xddf9]
 > /usr/lib/x86_64-linux-gnu/ld-2.30.so() [0x46ca]
 > /usr/lib/x86_64-linux-gnu/ld-2.30.so(__get_cpu_features+0x1e7b) [0x1ba2b]
 > /usr/lib/x86_64-linux-gnu/ld-2.30.so() [0x203c]
 > /usr/lib/x86_64-linux-gnu/ld-2.30.so() [0x1108]
18:51:07.271128 mprotect(0x7f5e98809000, 4096, PROT_READ) = 0 <0.000093>
 > /usr/lib/x86_64-linux-gnu/ld-2.30.so(_dl_catch_error+0x14db) [0x1dfbb]
 > /usr/lib/x86_64-linux-gnu/ld-2.30.so(_dl_rtld_di_serinfo+0x3469) [0xddf9]
 > /usr/lib/x86_64-linux-gnu/ld-2.30.so() [0x46ca]
 > /usr/lib/x86_64-linux-gnu/ld-2.30.so(__get_cpu_features+0x1e7b) [0x1ba2b]
 > /usr/lib/x86_64-linux-gnu/ld-2.30.so() [0x203c]
 > /usr/lib/x86_64-linux-gnu/ld-2.30.so() [0x1108]
18:51:07.275540 mprotect(0x7f5e98816000, 4096, PROT_READ) = 0 <0.000063>
 > /usr/lib/x86_64-linux-gnu/ld-2.30.so(_dl_catch_error+0x14db) [0x1dfbb]
 > /usr/lib/x86_64-linux-gnu/ld-2.30.so(_dl_rtld_di_serinfo+0x3469) [0xddf9]
 > /usr/lib/x86_64-linux-gnu/ld-2.30.so() [0x46ca]
 > /usr/lib/x86_64-linux-gnu/ld-2.30.so(__get_cpu_features+0x1e7b) [0x1ba2b]
 > /usr/lib/x86_64-linux-gnu/ld-2.30.so() [0x203c]
 > /usr/lib/x86_64-linux-gnu/ld-2.30.so() [0x1108]
18:51:07.279916 mprotect(0x7f5e9881b000, 4096, PROT_READ) = 0 <0.000108>
 > /usr/lib/x86_64-linux-gnu/ld-2.30.so(_dl_catch_error+0x14db) [0x1dfbb]
 > /usr/lib/x86_64-linux-gnu/ld-2.30.so(_dl_rtld_di_serinfo+0x3469) [0xddf9]
 > /usr/lib/x86_64-linux-gnu/ld-2.30.so() [0x46ca]
 > /usr/lib/x86_64-linux-gnu/ld-2.30.so(__get_cpu_features+0x1e7b) [0x1ba2b]
 > /usr/lib/x86_64-linux-gnu/ld-2.30.so() [0x203c]
 > /usr/lib/x86_64-linux-gnu/ld-2.30.so() [0x1108]
18:51:07.284292 mprotect(0x7f5e988c9000, 4096, PROT_READ) = 0 <0.000064>
 > /usr/lib/x86_64-linux-gnu/ld-2.30.so(_dl_catch_error+0x14db) [0x1dfbb]
 > /usr/lib/x86_64-linux-gnu/ld-2.30.so(_dl_rtld_di_serinfo+0x3469) [0xddf9]
 > /usr/lib/x86_64-linux-gnu/ld-2.30.so() [0x46ca]
 > /usr/lib/x86_64-linux-gnu/ld-2.30.so(__get_cpu_features+0x1e7b) [0x1ba2b]
 > /usr/lib/x86_64-linux-gnu/ld-2.30.so() [0x203c]
 > /usr/lib/x86_64-linux-gnu/ld-2.30.so() [0x1108]
18:51:07.288620 mprotect(0x7f5e988f6000, 4096, PROT_READ) = 0 <0.000058>
 > /usr/lib/x86_64-linux-gnu/ld-2.30.so(_dl_catch_error+0x14db) [0x1dfbb]
 > /usr/lib/x86_64-linux-gnu/ld-2.30.so(_dl_rtld_di_serinfo+0x3469) [0xddf9]
 > /usr/lib/x86_64-linux-gnu/ld-2.30.so() [0x46ca]
 > /usr/lib/x86_64-linux-gnu/ld-2.30.so(__get_cpu_features+0x1e7b) [0x1ba2b]
 > /usr/lib/x86_64-linux-gnu/ld-2.30.so() [0x203c]
 > /usr/lib/x86_64-linux-gnu/ld-2.30.so() [0x1108]
18:51:07.295172 mprotect(0x7f5e98a1b000, 32768, PROT_READ) = 0 <0.000044>
 > /usr/lib/x86_64-linux-gnu/ld-2.30.so(_dl_catch_error+0x14db) [0x1dfbb]
 > /usr/lib/x86_64-linux-gnu/ld-2.30.so(_dl_rtld_di_serinfo+0x3469) [0xddf9]
 > /usr/lib/x86_64-linux-gnu/ld-2.30.so() [0x46ca]
 > /usr/lib/x86_64-linux-gnu/ld-2.30.so(__get_cpu_features+0x1e7b) [0x1ba2b]
 > /usr/lib/x86_64-linux-gnu/ld-2.30.so() [0x203c]
 > /usr/lib/x86_64-linux-gnu/ld-2.30.so() [0x1108]
18:51:07.299615 mprotect(0x7f5e98c32000, 16384, PROT_READ) = 0 <0.000119>
 > /usr/lib/x86_64-linux-gnu/ld-2.30.so(_dl_catch_error+0x14db) [0x1dfbb]
 > /usr/lib/x86_64-linux-gnu/ld-2.30.so(_dl_rtld_di_serinfo+0x3469) [0xddf9]
 > /usr/lib/x86_64-linux-gnu/ld-2.30.so() [0x46ca]
 > /usr/lib/x86_64-linux-gnu/ld-2.30.so(__get_cpu_features+0x1e7b) [0x1ba2b]
 > /usr/lib/x86_64-linux-gnu/ld-2.30.so() [0x203c]
 > /usr/lib/x86_64-linux-gnu/ld-2.30.so() [0x1108]
18:51:07.304201 mprotect(0x7f5e98c6f000, 4096, PROT_READ) = 0 <0.000091>
 > /usr/lib/x86_64-linux-gnu/ld-2.30.so(_dl_catch_error+0x14db) [0x1dfbb]
 > /usr/lib/x86_64-linux-gnu/ld-2.30.so(_dl_rtld_di_serinfo+0x3469) [0xddf9]
 > /usr/lib/x86_64-linux-gnu/ld-2.30.so() [0x46ca]
 > /usr/lib/x86_64-linux-gnu/ld-2.30.so(__get_cpu_features+0x1e7b) [0x1ba2b]
 > /usr/lib/x86_64-linux-gnu/ld-2.30.so() [0x203c]
 > /usr/lib/x86_64-linux-gnu/ld-2.30.so() [0x1108]
18:51:07.308785 mprotect(0x7f5e98c8a000, 4096, PROT_READ) = 0 <0.000055>
 > /usr/lib/x86_64-linux-gnu/ld-2.30.so(_dl_catch_error+0x14db) [0x1dfbb]
 > /usr/lib/x86_64-linux-gnu/ld-2.30.so(_dl_rtld_di_serinfo+0x3469) [0xddf9]
 > /usr/lib/x86_64-linux-gnu/ld-2.30.so() [0x46ca]
 > /usr/lib/x86_64-linux-gnu/ld-2.30.so(__get_cpu_features+0x1e7b) [0x1ba2b]
 > /usr/lib/x86_64-linux-gnu/ld-2.30.so() [0x203c]
 > /usr/lib/x86_64-linux-gnu/ld-2.30.so() [0x1108]
18:51:07.313254 mprotect(0x7f5e98ca6000, 4096, PROT_READ) = 0 <0.000058>
 > /usr/lib/x86_64-linux-gnu/ld-2.30.so(_dl_catch_error+0x14db) [0x1dfbb]
 > /usr/lib/x86_64-linux-gnu/ld-2.30.so(_dl_rtld_di_serinfo+0x3469) [0xddf9]
 > /usr/lib/x86_64-linux-gnu/ld-2.30.so() [0x46ca]
 > /usr/lib/x86_64-linux-gnu/ld-2.30.so(__get_cpu_features+0x1e7b) [0x1ba2b]
 > /usr/lib/x86_64-linux-gnu/ld-2.30.so() [0x203c]
 > /usr/lib/x86_64-linux-gnu/ld-2.30.so() [0x1108]
18:51:07.317627 mprotect(0x7f5e98cc2000, 4096, PROT_READ) = 0 <0.000045>
 > /usr/lib/x86_64-linux-gnu/ld-2.30.so(_dl_catch_error+0x14db) [0x1dfbb]
 > /usr/lib/x86_64-linux-gnu/ld-2.30.so(_dl_rtld_di_serinfo+0x3469) [0xddf9]
 > /usr/lib/x86_64-linux-gnu/ld-2.30.so() [0x46ca]
 > /usr/lib/x86_64-linux-gnu/ld-2.30.so(__get_cpu_features+0x1e7b) [0x1ba2b]
 > /usr/lib/x86_64-linux-gnu/ld-2.30.so() [0x203c]
 > /usr/lib/x86_64-linux-gnu/ld-2.30.so() [0x1108]
18:51:07.322036 mprotect(0x7f5e98ccd000, 4096, PROT_READ) = 0 <0.000047>
 > /usr/lib/x86_64-linux-gnu/ld-2.30.so(_dl_catch_error+0x14db) [0x1dfbb]
 > /usr/lib/x86_64-linux-gnu/ld-2.30.so(_dl_rtld_di_serinfo+0x3469) [0xddf9]
 > /usr/lib/x86_64-linux-gnu/ld-2.30.so() [0x46ca]
 > /usr/lib/x86_64-linux-gnu/ld-2.30.so(__get_cpu_features+0x1e7b) [0x1ba2b]
 > /usr/lib/x86_64-linux-gnu/ld-2.30.so() [0x203c]
 > /usr/lib/x86_64-linux-gnu/ld-2.30.so() [0x1108]
18:51:07.326447 mprotect(0x7f5e98e0c000, 4096, PROT_READ) = 0 <0.000040>
 > /usr/lib/x86_64-linux-gnu/ld-2.30.so(_dl_catch_error+0x14db) [0x1dfbb]
 > /usr/lib/x86_64-linux-gnu/ld-2.30.so(_dl_rtld_di_serinfo+0x3469) [0xddf9]
 > /usr/lib/x86_64-linux-gnu/ld-2.30.so() [0x46ca]
 > /usr/lib/x86_64-linux-gnu/ld-2.30.so(__get_cpu_features+0x1e7b) [0x1ba2b]
 > /usr/lib/x86_64-linux-gnu/ld-2.30.so() [0x203c]
 > /usr/lib/x86_64-linux-gnu/ld-2.30.so() [0x1108]
18:51:07.330818 mprotect(0x7f5e98e1b000, 8192, PROT_READ) = 0 <0.000062>
 > /usr/lib/x86_64-linux-gnu/ld-2.30.so(_dl_catch_error+0x14db) [0x1dfbb]
 > /usr/lib/x86_64-linux-gnu/ld-2.30.so(_dl_rtld_di_serinfo+0x3469) [0xddf9]
 > /usr/lib/x86_64-linux-gnu/ld-2.30.so() [0x46ca]
 > /usr/lib/x86_64-linux-gnu/ld-2.30.so(__get_cpu_features+0x1e7b) [0x1ba2b]
 > /usr/lib/x86_64-linux-gnu/ld-2.30.so() [0x203c]
 > /usr/lib/x86_64-linux-gnu/ld-2.30.so() [0x1108]
18:51:07.335530 mprotect(0x7f5e98f15000, 28672, PROT_READ) = 0 <0.000090>
 > /usr/lib/x86_64-linux-gnu/ld-2.30.so(_dl_catch_error+0x14db) [0x1dfbb]
 > /usr/lib/x86_64-linux-gnu/ld-2.30.so(_dl_rtld_di_serinfo+0x3469) [0xddf9]
 > /usr/lib/x86_64-linux-gnu/ld-2.30.so() [0x46ca]
 > /usr/lib/x86_64-linux-gnu/ld-2.30.so(__get_cpu_features+0x1e7b) [0x1ba2b]
 > /usr/lib/x86_64-linux-gnu/ld-2.30.so() [0x203c]
 > /usr/lib/x86_64-linux-gnu/ld-2.30.so() [0x1108]
18:51:07.340128 mprotect(0x7f5e98f50000, 102400, PROT_READ) = 0 <0.000066>
 > /usr/lib/x86_64-linux-gnu/ld-2.30.so(_dl_catch_error+0x14db) [0x1dfbb]
 > /usr/lib/x86_64-linux-gnu/ld-2.30.so(_dl_rtld_di_serinfo+0x3469) [0xddf9]
 > /usr/lib/x86_64-linux-gnu/ld-2.30.so() [0x46ca]
 > /usr/lib/x86_64-linux-gnu/ld-2.30.so(__get_cpu_features+0x1e7b) [0x1ba2b]
 > /usr/lib/x86_64-linux-gnu/ld-2.30.so() [0x203c]
 > /usr/lib/x86_64-linux-gnu/ld-2.30.so() [0x1108]
18:51:07.345031 mprotect(0x7f5e98fd3000, 40960, PROT_READ) = 0 <0.000063>
 > /usr/lib/x86_64-linux-gnu/ld-2.30.so(_dl_catch_error+0x14db) [0x1dfbb]
 > /usr/lib/x86_64-linux-gnu/ld-2.30.so(_dl_rtld_di_serinfo+0x3469) [0xddf9]
 > /usr/lib/x86_64-linux-gnu/ld-2.30.so() [0x46ca]
 > /usr/lib/x86_64-linux-gnu/ld-2.30.so(__get_cpu_features+0x1e7b) [0x1ba2b]
 > /usr/lib/x86_64-linux-gnu/ld-2.30.so() [0x203c]
 > /usr/lib/x86_64-linux-gnu/ld-2.30.so() [0x1108]
18:51:07.353822 mprotect(0x5594fc1f9000, 1884160, PROT_READ) = 0 <0.000103>
 > /usr/lib/x86_64-linux-gnu/ld-2.30.so(_dl_catch_error+0x14db) [0x1dfbb]
 > /usr/lib/x86_64-linux-gnu/ld-2.30.so(_dl_rtld_di_serinfo+0x3469) [0xddf9]
 > /usr/lib/x86_64-linux-gnu/ld-2.30.so() [0x46ca]
 > /usr/lib/x86_64-linux-gnu/ld-2.30.so(__get_cpu_features+0x1e7b) [0x1ba2b]
 > /usr/lib/x86_64-linux-gnu/ld-2.30.so() [0x203c]
 > /usr/lib/x86_64-linux-gnu/ld-2.30.so() [0x1108]
18:51:07.358358 mprotect(0x7f5e9901f000, 4096, PROT_READ) = 0 <0.000046>
 > /usr/lib/x86_64-linux-gnu/ld-2.30.so(_dl_catch_error+0x14db) [0x1dfbb]
 > /usr/lib/x86_64-linux-gnu/ld-2.30.so(_dl_rtld_di_serinfo+0x3469) [0xddf9]
 > /usr/lib/x86_64-linux-gnu/ld-2.30.so() [0x47cc]
 > /usr/lib/x86_64-linux-gnu/ld-2.30.so(__get_cpu_features+0x1e7b) [0x1ba2b]
 > /usr/lib/x86_64-linux-gnu/ld-2.30.so() [0x203c]
 > /usr/lib/x86_64-linux-gnu/ld-2.30.so() [0x1108]
18:51:07.366362 mprotect(0x7f5e96729000, 8388608, PROT_READ|PROT_WRITE) = 0 <0.000011>
 > /usr/lib/x86_64-linux-gnu/libc-2.30.so(mprotect+0xb) [0x11bb4b]
 > /usr/lib/x86_64-linux-gnu/libpthread-2.30.so(pthread_create+0x9e4) [0xa314]
 > /usr/bin/qemu-system-x86_64(qemu_thread_create+0xdf) [0x7fbe7f]
 > /usr/bin/qemu-system-x86_64(rcu_register_thread+0x129) [0x80d2b9]
 > /usr/bin/qemu-system-x86_64(__libc_csu_init+0x4d) [0x828e3d]
 > /usr/lib/x86_64-linux-gnu/libc-2.30.so(__libc_start_main+0x7e) [0x2716e]
 > /usr/bin/qemu-system-x86_64(_start+0x2e) [0x37f99e]
18:51:07.376021 mprotect(0x7f5e96627000, 4096, PROT_NONE) = 0 <0.000105>
 > /usr/lib/x86_64-linux-gnu/libc-2.30.so(mprotect+0xb) [0x11bb4b]
 > /usr/bin/qemu-system-x86_64(qemu_alloc_stack+0x74) [0x7faee4]
 > /usr/bin/qemu-system-x86_64(qemu_coroutine_new+0x5c) [0x80e8fc]
 > /usr/bin/qemu-system-x86_64(qemu_coroutine_create+0x99) [0x80d5d9]
 > /usr/bin/qemu-system-x86_64(qcow2_mark_consistent+0x3145) [0x738d35]
 > /usr/bin/qemu-system-x86_64(bdrv_reopen_commit+0x3b6) [0x710fb6]
 > /usr/bin/qemu-system-x86_64(bdrv_open_backing_file+0xf04) [0x714ea4]
 > /usr/bin/qemu-system-x86_64(bdrv_open+0x15) [0x715c85]
 > /usr/bin/qemu-system-x86_64(blk_new_open+0x78) [0x75b5e8]
 > /usr/bin/qemu-system-x86_64(trace_init_vcpu+0x31c3) [0x4fd1e3]
 > /usr/bin/qemu-system-x86_64(drive_new+0x732) [0x4fe032]
 > /usr/bin/qemu-system-x86_64(dma_acct_start+0x10b6) [0x508826]
 > /usr/bin/qemu-system-x86_64(qemu_opts_foreach+0x72) [0x809d22]
 > /usr/bin/qemu-system-x86_64(main+0x3ba5) [0x37b7f5]
 > /usr/lib/x86_64-linux-gnu/libc-2.30.so(__libc_start_main+0xf3) [0x271e3]
 > /usr/bin/qemu-system-x86_64(_start+0x2e) [0x37f99e]
18:51:07.383648 mprotect(0x7f5e95e27000, 8388608, PROT_READ|PROT_WRITE) = 0 <0.000012>
 > /usr/lib/x86_64-linux-gnu/libc-2.30.so(mprotect+0xb) [0x11bb4b]
 > /usr/lib/x86_64-linux-gnu/libpthread-2.30.so(pthread_create+0x9e4) [0xa314]
 > /usr/bin/qemu-system-x86_64(qemu_thread_create+0xdf) [0x7fbe7f]
 > /usr/bin/qemu-system-x86_64(aio_wait_bh_oneshot+0x34d) [0x7f5e1d]
 > /usr/bin/qemu-system-x86_64(aio_wait_bh_oneshot+0x3a2) [0x7f5e72]
 > /usr/bin/qemu-system-x86_64(aio_bh_poll+0x6c) [0x7f516c]
 > /usr/bin/qemu-system-x86_64(aio_poll+0x37c) [0x7f8d0c]
 > /usr/bin/qemu-system-x86_64(qcow2_mark_consistent+0x320d) [0x738dfd]
 > /usr/bin/qemu-system-x86_64(bdrv_reopen_commit+0x3b6) [0x710fb6]
 > /usr/bin/qemu-system-x86_64(bdrv_open_backing_file+0xf04) [0x714ea4]
 > /usr/bin/qemu-system-x86_64(bdrv_open+0x15) [0x715c85]
 > /usr/bin/qemu-system-x86_64(blk_new_open+0x78) [0x75b5e8]
 > /usr/bin/qemu-system-x86_64(trace_init_vcpu+0x31c3) [0x4fd1e3]
 > /usr/bin/qemu-system-x86_64(drive_new+0x732) [0x4fe032]
 > /usr/bin/qemu-system-x86_64(dma_acct_start+0x10b6) [0x508826]
 > /usr/bin/qemu-system-x86_64(qemu_opts_foreach+0x72) [0x809d22]
 > /usr/bin/qemu-system-x86_64(main+0x3ba5) [0x37b7f5]
 > /usr/lib/x86_64-linux-gnu/libc-2.30.so(__libc_start_main+0xf3) [0x271e3]
 > /usr/bin/qemu-system-x86_64(_start+0x2e) [0x37f99e]
18:51:07.398673 mprotect(0x7f5e944b1000, 8388608, PROT_READ|PROT_WRITE) = 0 <0.000022>
 > /usr/lib/x86_64-linux-gnu/libc-2.30.so(mprotect+0xb) [0x11bb4b]
 > /usr/lib/x86_64-linux-gnu/libpthread-2.30.so(pthread_create+0x9e4) [0xa314]
 > /usr/bin/qemu-system-x86_64(qemu_thread_create+0xdf) [0x7fbe7f]
 > /usr/bin/qemu-system-x86_64(qemu_init_vcpu+0x2a0) [0x3c7720]
 > /usr/bin/qemu-system-x86_64(apic_get_class+0x735) [0x496035]
 > /usr/bin/qemu-system-x86_64(qdev_connect_gpio_out+0x2c5) [0x57e085]
 > /usr/bin/qemu-system-x86_64(qemu_egl_get_current_context+0xb8b) [0x705e5b]
 > /usr/bin/qemu-system-x86_64(object_property_set_qobject+0x34) [0x70a684]
 > /usr/bin/qemu-system-x86_64(object_property_set_bool+0x3a) [0x707eaa]
 > /usr/bin/qemu-system-x86_64(load_multiboot+0x1010) [0x4648c0]
 > /usr/bin/qemu-system-x86_64(pc_cpus_init+0xb1) [0x4683d1]
 > /usr/bin/qemu-system-x86_64(pc_machine_is_smm_enabled+0x24fa) [0x46bb0a]
 > /usr/bin/qemu-system-x86_64(machine_run_board_init+0xeb) [0x58419b]
 > /usr/bin/qemu-system-x86_64(main+0x3fc5) [0x37bc15]
 > /usr/lib/x86_64-linux-gnu/libc-2.30.so(__libc_start_main+0xf3) [0x271e3]
 > /usr/bin/qemu-system-x86_64(_start+0x2e) [0x37f99e]
18:51:07.432153 mprotect(0x7f5e940ff000, 4096, PROT_NONE) = 0 <0.000064>
 > /usr/lib/x86_64-linux-gnu/libc-2.30.so(mprotect+0xb) [0x11bb4b]
 > /usr/bin/qemu-system-x86_64(qemu_alloc_stack+0x74) [0x7faee4]
 > /usr/bin/qemu-system-x86_64(qemu_coroutine_new+0x5c) [0x80e8fc]
 > /usr/bin/qemu-system-x86_64(qemu_coroutine_create+0x99) [0x80d5d9]
 > /usr/bin/qemu-system-x86_64(vhdx_log_write_and_flush+0x70cb) [0x758b1b]
 > /usr/bin/qemu-system-x86_64(blk_pread_unthrottled+0x4b) [0x75a66b]
 > /usr/bin/qemu-system-x86_64(cdrom_read_toc_raw+0x151) [0x562871]
 > /usr/bin/qemu-system-x86_64(hd_geometry_guess+0xaf) [0x562a4f]
 > /usr/bin/qemu-system-x86_64(blkconf_geometry+0x11f) [0x5625af]
 > /usr/bin/qemu-system-x86_64(ide_atapi_dma_restart+0x67b) [0x5c32db]
 > /usr/bin/qemu-system-x86_64(qdev_connect_gpio_out+0x2c5) [0x57e085]
 > /usr/bin/qemu-system-x86_64(qemu_egl_get_current_context+0xb8b) [0x705e5b]
 > /usr/bin/qemu-system-x86_64(object_property_set_qobject+0x34) [0x70a684]
 > /usr/bin/qemu-system-x86_64(object_property_set_bool+0x3a) [0x707eaa]
 > /usr/bin/qemu-system-x86_64(qdev_init_nofail+0x46) [0x57cf76]
 > /usr/bin/qemu-system-x86_64(ide_create_drive+0x69) [0x5c3699]
 > /usr/bin/qemu-system-x86_64(pci_ide_create_devs+0x67) [0x5c4287]
 > /usr/bin/qemu-system-x86_64(pci_piix3_ide_init+0x2a) [0x5c4f2a]
 > /usr/bin/qemu-system-x86_64(pc_machine_is_smm_enabled+0x2b65) [0x46c175]
 > /usr/bin/qemu-system-x86_64(machine_run_board_init+0xeb) [0x58419b]
 > /usr/bin/qemu-system-x86_64(main+0x3fc5) [0x37bc15]
 > /usr/lib/x86_64-linux-gnu/libc-2.30.so(__libc_start_main+0xf3) [0x271e3]
 > /usr/bin/qemu-system-x86_64(_start+0x2e) [0x37f99e]
18:51:07.448921 mprotect(0x7f5e87eff000, 4096, PROT_NONE) = 0 <0.000012>
 > /usr/lib/x86_64-linux-gnu/libc-2.30.so(mprotect+0xb) [0x11bb4b]
 > /usr/bin/qemu-system-x86_64(qemu_alloc_stack+0x74) [0x7faee4]
 > /usr/bin/qemu-system-x86_64(qemu_coroutine_new+0x5c) [0x80e8fc]
 > /usr/bin/qemu-system-x86_64(qemu_coroutine_create+0x99) [0x80d5d9]
 > /usr/bin/qemu-system-x86_64(vhdx_log_write_and_flush+0x70cb) [0x758b1b]
 > /usr/bin/qemu-system-x86_64(blk_pread_unthrottled+0x4b) [0x75a66b]
 > /usr/bin/qemu-system-x86_64(cdrom_read_toc_raw+0x151) [0x562871]
 > /usr/bin/qemu-system-x86_64(hd_geometry_guess+0xaf) [0x562a4f]
 > /usr/bin/qemu-system-x86_64(blkconf_geometry+0x11f) [0x5625af]
 > /usr/bin/qemu-system-x86_64(ide_atapi_dma_restart+0x67b) [0x5c32db]
 > /usr/bin/qemu-system-x86_64(qdev_connect_gpio_out+0x2c5) [0x57e085]
 > /usr/bin/qemu-system-x86_64(qemu_egl_get_current_context+0xb8b) [0x705e5b]
 > /usr/bin/qemu-system-x86_64(object_property_set_qobject+0x34) [0x70a684]
 > /usr/bin/qemu-system-x86_64(object_property_set_bool+0x3a) [0x707eaa]
 > /usr/bin/qemu-system-x86_64(qdev_init_nofail+0x46) [0x57cf76]
 > /usr/bin/qemu-system-x86_64(ide_create_drive+0x69) [0x5c3699]
 > /usr/bin/qemu-system-x86_64(pci_ide_create_devs+0x67) [0x5c4287]
 > /usr/bin/qemu-system-x86_64(pci_piix3_ide_init+0x2a) [0x5c4f2a]
 > /usr/bin/qemu-system-x86_64(pc_machine_is_smm_enabled+0x2b65) [0x46c175]
 > /usr/bin/qemu-system-x86_64(machine_run_board_init+0xeb) [0x58419b]
 > /usr/bin/qemu-system-x86_64(main+0x3fc5) [0x37bc15]
 > /usr/lib/x86_64-linux-gnu/libc-2.30.so(__libc_start_main+0xf3) [0x271e3]
 > /usr/bin/qemu-system-x86_64(_start+0x2e) [0x37f99e]
19:49:24.742679 --- SIGTERM {si_signo=SIGTERM, si_code=SI_USER, si_pid=13962, si_uid=0} ---
 > /usr/lib/x86_64-linux-gnu/libc-2.30.so(ppoll+0xa6) [0x115cb6]
 > /usr/bin/qemu-system-x86_64(qemu_poll_ns+0x75) [0x7f6a55]
 > /usr/bin/qemu-system-x86_64(main_loop_wait+0x165) [0x7f7a95]
 > /usr/bin/qemu-system-x86_64(qemu_system_reset+0x149) [0x509b99]
 > /usr/bin/qemu-system-x86_64(main+0x4217) [0x37be67]
 > /usr/lib/x86_64-linux-gnu/libc-2.30.so(__libc_start_main+0xf3) [0x271e3]
 > /usr/bin/qemu-system-x86_64(_start+0x2e) [0x37f99e]
19:49:24.754564 mprotect(0x7f5e437c6000, 4096, PROT_NONE) = 0 <0.000022>
 > /usr/lib/x86_64-linux-gnu/libc-2.30.so(mprotect+0xb) [0x11bb4b]
 > /usr/bin/qemu-system-x86_64(qemu_alloc_stack+0x74) [0x7faee4]
 > /usr/bin/qemu-system-x86_64(qemu_coroutine_new+0x5c) [0x80e8fc]
 > /usr/bin/qemu-system-x86_64(qemu_coroutine_create+0x99) [0x80d5d9]
 > /usr/bin/qemu-system-x86_64(bdrv_flush+0x77) [0x76af57]
 > /usr/bin/qemu-system-x86_64(bdrv_flush_all+0x53) [0x76b0c3]
 > /usr/bin/qemu-system-x86_64(main+0x4226) [0x37be76]
 > /usr/lib/x86_64-linux-gnu/libc-2.30.so(__libc_start_main+0xf3) [0x271e3]
 > /usr/bin/qemu-system-x86_64(_start+0x2e) [0x37f99e]
19:49:24.760121 mprotect(0x7f5e436c5000, 4096, PROT_NONE) = 0 <0.000098>
 > /usr/lib/x86_64-linux-gnu/libc-2.30.so(mprotect+0xb) [0x11bb4b]
 > /usr/bin/qemu-system-x86_64(qemu_alloc_stack+0x74) [0x7faee4]
 > /usr/bin/qemu-system-x86_64(qemu_coroutine_new+0x5c) [0x80e8fc]
 > /usr/bin/qemu-system-x86_64(qemu_coroutine_create+0x99) [0x80d5d9]
 > /usr/bin/qemu-system-x86_64(bdrv_flush+0x77) [0x76af57]
 > /usr/bin/qemu-system-x86_64(bdrv_flush_all+0x53) [0x76b0c3]
 > /usr/bin/qemu-system-x86_64(main+0x4226) [0x37be76]
 > /usr/lib/x86_64-linux-gnu/libc-2.30.so(__libc_start_main+0xf3) [0x271e3]
 > /usr/bin/qemu-system-x86_64(_start+0x2e) [0x37f99e]
19:49:24.765923 mprotect(0x7f5e435c4000, 4096, PROT_NONE) = 0 <0.000010>
 > /usr/lib/x86_64-linux-gnu/libc-2.30.so(mprotect+0xb) [0x11bb4b]
 > /usr/bin/qemu-system-x86_64(qemu_alloc_stack+0x74) [0x7faee4]
 > /usr/bin/qemu-system-x86_64(qemu_coroutine_new+0x5c) [0x80e8fc]
 > /usr/bin/qemu-system-x86_64(qemu_coroutine_create+0x99) [0x80d5d9]
 > /usr/bin/qemu-system-x86_64(bdrv_flush+0x77) [0x76af57]
 > /usr/bin/qemu-system-x86_64(bdrv_unref+0x83) [0x710733]
 > /usr/bin/qemu-system-x86_64(blk_remove_bs+0x76) [0x75b146]
 > /usr/bin/qemu-system-x86_64(blk_remove_all_bs+0x44) [0x75b1a4]
 > /usr/bin/qemu-system-x86_64(bdrv_close_all+0x23) [0x70f2f3]
 > /usr/bin/qemu-system-x86_64(main+0x4230) [0x37be80]
 > /usr/lib/x86_64-linux-gnu/libc-2.30.so(__libc_start_main+0xf3) [0x271e3]
 > /usr/bin/qemu-system-x86_64(_start+0x2e) [0x37f99e]
19:49:24.772309 mprotect(0x7f5e434c3000, 4096, PROT_NONE) = 0 <0.000071>
 > /usr/lib/x86_64-linux-gnu/libc-2.30.so(mprotect+0xb) [0x11bb4b]
 > /usr/bin/qemu-system-x86_64(qemu_alloc_stack+0x74) [0x7faee4]
 > /usr/bin/qemu-system-x86_64(qemu_coroutine_new+0x5c) [0x80e8fc]
 > /usr/bin/qemu-system-x86_64(qemu_coroutine_create+0x99) [0x80d5d9]
 > /usr/bin/qemu-system-x86_64(bdrv_flush+0x77) [0x76af57]
 > /usr/bin/qemu-system-x86_64(qcow2_cache_flush+0x37) [0x7465d7]
 > /usr/bin/qemu-system-x86_64(qcow2_mark_consistent+0x16be) [0x7372ae]
 > /usr/bin/qemu-system-x86_64(qcow2_mark_consistent+0x1840) [0x737430]
 > /usr/bin/qemu-system-x86_64(bdrv_unref+0xa2) [0x710752]
 > /usr/bin/qemu-system-x86_64(blk_remove_bs+0x76) [0x75b146]
 > /usr/bin/qemu-system-x86_64(blk_remove_all_bs+0x44) [0x75b1a4]
 > /usr/bin/qemu-system-x86_64(bdrv_close_all+0x23) [0x70f2f3]
 > /usr/bin/qemu-system-x86_64(main+0x4230) [0x37be80]
 > /usr/lib/x86_64-linux-gnu/libc-2.30.so(__libc_start_main+0xf3) [0x271e3]
 > /usr/bin/qemu-system-x86_64(_start+0x2e) [0x37f99e]
19:49:24.779426 mprotect(0x7f5e433c2000, 4096, PROT_NONE) = 0 <0.000010>
 > /usr/lib/x86_64-linux-gnu/libc-2.30.so(mprotect+0xb) [0x11bb4b]
 > /usr/bin/qemu-system-x86_64(qemu_alloc_stack+0x74) [0x7faee4]
 > /usr/bin/qemu-system-x86_64(qemu_coroutine_new+0x5c) [0x80e8fc]
 > /usr/bin/qemu-system-x86_64(qemu_coroutine_create+0x99) [0x80d5d9]
 > /usr/bin/qemu-system-x86_64(bdrv_flush+0x77) [0x76af57]
 > /usr/bin/qemu-system-x86_64(qcow2_cache_flush+0x37) [0x7465d7]
 > /usr/bin/qemu-system-x86_64(qcow2_mark_consistent+0x16d1) [0x7372c1]
 > /usr/bin/qemu-system-x86_64(qcow2_mark_consistent+0x1840) [0x737430]
 > /usr/bin/qemu-system-x86_64(bdrv_unref+0xa2) [0x710752]
 > /usr/bin/qemu-system-x86_64(blk_remove_bs+0x76) [0x75b146]
 > /usr/bin/qemu-system-x86_64(blk_remove_all_bs+0x44) [0x75b1a4]
 > /usr/bin/qemu-system-x86_64(bdrv_close_all+0x23) [0x70f2f3]
 > /usr/bin/qemu-system-x86_64(main+0x4230) [0x37be80]
 > /usr/lib/x86_64-linux-gnu/libc-2.30.so(__libc_start_main+0xf3) [0x271e3]
 > /usr/bin/qemu-system-x86_64(_start+0x2e) [0x37f99e]
19:49:24.786451 mprotect(0x7f5e95d25000, 4096, PROT_NONE) = 0 <0.000009>
 > /usr/lib/x86_64-linux-gnu/libc-2.30.so(mprotect+0xb) [0x11bb4b]
 > /usr/bin/qemu-system-x86_64(qemu_alloc_stack+0x74) [0x7faee4]
 > /usr/bin/qemu-system-x86_64(qemu_coroutine_new+0x5c) [0x80e8fc]
 > /usr/bin/qemu-system-x86_64(qemu_coroutine_create+0x99) [0x80d5d9]
 > /usr/bin/qemu-system-x86_64(bdrv_flush+0x77) [0x76af57]
 > /usr/bin/qemu-system-x86_64(bdrv_unref+0x83) [0x710733]
 > /usr/bin/qemu-system-x86_64(bdrv_unref+0xcf) [0x71077f]
 > /usr/bin/qemu-system-x86_64(blk_remove_bs+0x76) [0x75b146]
 > /usr/bin/qemu-system-x86_64(blk_remove_all_bs+0x44) [0x75b1a4]
 > /usr/bin/qemu-system-x86_64(bdrv_close_all+0x23) [0x70f2f3]
 > /usr/bin/qemu-system-x86_64(main+0x4230) [0x37be80]
 > /usr/lib/x86_64-linux-gnu/libc-2.30.so(__libc_start_main+0xf3) [0x271e3]
 > /usr/bin/qemu-system-x86_64(_start+0x2e) [0x37f99e]
19:49:24.792866 mprotect(0x7f5e95c24000, 4096, PROT_NONE) = 0 <0.000043>
 > /usr/lib/x86_64-linux-gnu/libc-2.30.so(mprotect+0xb) [0x11bb4b]
 > /usr/bin/qemu-system-x86_64(qemu_alloc_stack+0x74) [0x7faee4]
 > /usr/bin/qemu-system-x86_64(qemu_coroutine_new+0x5c) [0x80e8fc]
 > /usr/bin/qemu-system-x86_64(qemu_coroutine_create+0x99) [0x80d5d9]
 > /usr/bin/qemu-system-x86_64(bdrv_flush+0x77) [0x76af57]
 > /usr/bin/qemu-system-x86_64(bdrv_unref+0x83) [0x710733]
 > /usr/bin/qemu-system-x86_64(blk_remove_bs+0x76) [0x75b146]
 > /usr/bin/qemu-system-x86_64(blk_remove_all_bs+0x44) [0x75b1a4]
 > /usr/bin/qemu-system-x86_64(bdrv_close_all+0x23) [0x70f2f3]
 > /usr/bin/qemu-system-x86_64(main+0x4230) [0x37be80]
 > /usr/lib/x86_64-linux-gnu/libc-2.30.so(__libc_start_main+0xf3) [0x271e3]
 > /usr/bin/qemu-system-x86_64(_start+0x2e) [0x37f99e]
19:49:24.798848 mprotect(0x7f5e95b23000, 4096, PROT_NONE) = 0 <0.000010>
 > /usr/lib/x86_64-linux-gnu/libc-2.30.so(mprotect+0xb) [0x11bb4b]
 > /usr/bin/qemu-system-x86_64(qemu_alloc_stack+0x74) [0x7faee4]
 > /usr/bin/qemu-system-x86_64(qemu_coroutine_new+0x5c) [0x80e8fc]
 > /usr/bin/qemu-system-x86_64(qemu_coroutine_create+0x99) [0x80d5d9]
 > /usr/bin/qemu-system-x86_64(bdrv_flush+0x77) [0x76af57]
 > /usr/bin/qemu-system-x86_64(bdrv_unref+0x83) [0x710733]
 > /usr/bin/qemu-system-x86_64(bdrv_unref+0xcf) [0x71077f]
 > /usr/bin/qemu-system-x86_64(blk_remove_bs+0x76) [0x75b146]
 > /usr/bin/qemu-system-x86_64(blk_remove_all_bs+0x44) [0x75b1a4]
 > /usr/bin/qemu-system-x86_64(bdrv_close_all+0x23) [0x70f2f3]
 > /usr/bin/qemu-system-x86_64(main+0x4230) [0x37be80]
 > /usr/lib/x86_64-linux-gnu/libc-2.30.so(__libc_start_main+0xf3) [0x271e3]
 > /usr/bin/qemu-system-x86_64(_start+0x2e) [0x37f99e]
19:49:24.844314 +++ exited with 0 +++
